{"/Users/beast/xrp_wallet_manager/src/App.js": {"path":"/Users/beast/xrp_wallet_manager/src/App.js","statementMap":{"0":{"start":{"line":50,"column":14},"end":{"line":67,"column":2}},"1":{"start":{"line":69,"column":20},"end":{"line":69,"column":23}},"2":{"start":{"line":73,"column":38},"end":{"line":73,"column":53}},"3":{"start":{"line":74,"column":46},"end":{"line":74,"column":58}},"4":{"start":{"line":75,"column":54},"end":{"line":75,"column":69}},"5":{"start":{"line":76,"column":54},"end":{"line":76,"column":72}},"6":{"start":{"line":77,"column":56},"end":{"line":77,"column":68}},"7":{"start":{"line":78,"column":60},"end":{"line":78,"column":75}},"8":{"start":{"line":81,"column":32},"end":{"line":81,"column":44}},"9":{"start":{"line":82,"column":50},"end":{"line":82,"column":64}},"10":{"start":{"line":83,"column":40},"end":{"line":83,"column":52}},"11":{"start":{"line":86,"column":50},"end":{"line":86,"column":65}},"12":{"start":{"line":87,"column":56},"end":{"line":87,"column":71}},"13":{"start":{"line":88,"column":40},"end":{"line":88,"column":51}},"14":{"start":{"line":89,"column":34},"end":{"line":89,"column":90}},"15":{"start":{"line":90,"column":32},"end":{"line":90,"column":47}},"16":{"start":{"line":93,"column":34},"end":{"line":93,"column":46}},"17":{"start":{"line":94,"column":44},"end":{"line":94,"column":56}},"18":{"start":{"line":97,"column":2},"end":{"line":104,"column":9}},"19":{"start":{"line":98,"column":4},"end":{"line":98,"column":20}},"20":{"start":{"line":99,"column":4},"end":{"line":99,"column":32}},"21":{"start":{"line":101,"column":4},"end":{"line":103,"column":6}},"22":{"start":{"line":102,"column":6},"end":{"line":102,"column":36}},"23":{"start":{"line":106,"column":24},"end":{"line":122,"column":3}},"24":{"start":{"line":107,"column":4},"end":{"line":121,"column":5}},"25":{"start":{"line":108,"column":25},"end":{"line":108,"column":50}},"26":{"start":{"line":110,"column":6},"end":{"line":118,"column":7}},"27":{"start":{"line":112,"column":8},"end":{"line":112,"column":40}},"28":{"start":{"line":113,"column":8},"end":{"line":113,"column":36}},"29":{"start":{"line":116,"column":8},"end":{"line":116,"column":40}},"30":{"start":{"line":117,"column":8},"end":{"line":117,"column":36}},"31":{"start":{"line":120,"column":6},"end":{"line":120,"column":82}},"32":{"start":{"line":124,"column":36},"end":{"line":156,"column":3}},"33":{"start":{"line":125,"column":4},"end":{"line":155,"column":5}},"34":{"start":{"line":126,"column":6},"end":{"line":130,"column":9}},"35":{"start":{"line":127,"column":8},"end":{"line":129,"column":9}},"36":{"start":{"line":128,"column":10},"end":{"line":128,"column":34}},"37":{"start":{"line":132,"column":6},"end":{"line":136,"column":9}},"38":{"start":{"line":133,"column":8},"end":{"line":135,"column":9}},"39":{"start":{"line":134,"column":10},"end":{"line":134,"column":36}},"40":{"start":{"line":138,"column":6},"end":{"line":142,"column":9}},"41":{"start":{"line":139,"column":8},"end":{"line":141,"column":9}},"42":{"start":{"line":140,"column":10},"end":{"line":140,"column":28}},"43":{"start":{"line":144,"column":6},"end":{"line":148,"column":9}},"44":{"start":{"line":145,"column":8},"end":{"line":147,"column":9}},"45":{"start":{"line":146,"column":10},"end":{"line":146,"column":28}},"46":{"start":{"line":150,"column":6},"end":{"line":154,"column":9}},"47":{"start":{"line":151,"column":8},"end":{"line":153,"column":9}},"48":{"start":{"line":152,"column":10},"end":{"line":152,"column":33}},"49":{"start":{"line":158,"column":38},"end":{"line":166,"column":3}},"50":{"start":{"line":159,"column":4},"end":{"line":165,"column":5}},"51":{"start":{"line":160,"column":6},"end":{"line":160,"column":63}},"52":{"start":{"line":161,"column":6},"end":{"line":161,"column":66}},"53":{"start":{"line":162,"column":6},"end":{"line":162,"column":69}},"54":{"start":{"line":163,"column":6},"end":{"line":163,"column":60}},"55":{"start":{"line":164,"column":6},"end":{"line":164,"column":68}},"56":{"start":{"line":168,"column":31},"end":{"line":216,"column":3}},"57":{"start":{"line":169,"column":4},"end":{"line":169,"column":35}},"58":{"start":{"line":170,"column":4},"end":{"line":170,"column":31}},"59":{"start":{"line":172,"column":4},"end":{"line":215,"column":5}},"60":{"start":{"line":173,"column":6},"end":{"line":210,"column":7}},"61":{"start":{"line":175,"column":29},"end":{"line":179,"column":9}},"62":{"start":{"line":182,"column":38},"end":{"line":182,"column":70}},"63":{"start":{"line":183,"column":8},"end":{"line":183,"column":56}},"64":{"start":{"line":185,"column":8},"end":{"line":185,"column":36}},"65":{"start":{"line":186,"column":8},"end":{"line":186,"column":23}},"66":{"start":{"line":187,"column":8},"end":{"line":187,"column":34}},"67":{"start":{"line":188,"column":8},"end":{"line":188,"column":27}},"68":{"start":{"line":189,"column":8},"end":{"line":189,"column":28}},"69":{"start":{"line":190,"column":8},"end":{"line":190,"column":37}},"70":{"start":{"line":192,"column":8},"end":{"line":192,"column":73}},"71":{"start":{"line":195,"column":24},"end":{"line":195,"column":57}},"72":{"start":{"line":197,"column":8},"end":{"line":197,"column":36}},"73":{"start":{"line":198,"column":8},"end":{"line":198,"column":42}},"74":{"start":{"line":199,"column":8},"end":{"line":199,"column":51}},"75":{"start":{"line":200,"column":8},"end":{"line":200,"column":51}},"76":{"start":{"line":201,"column":8},"end":{"line":201,"column":28}},"77":{"start":{"line":202,"column":8},"end":{"line":202,"column":37}},"78":{"start":{"line":204,"column":8},"end":{"line":204,"column":66}},"79":{"start":{"line":207,"column":8},"end":{"line":209,"column":11}},"80":{"start":{"line":208,"column":10},"end":{"line":208,"column":72}},"81":{"start":{"line":212,"column":6},"end":{"line":212,"column":44}},"82":{"start":{"line":214,"column":6},"end":{"line":214,"column":38}},"83":{"start":{"line":218,"column":31},"end":{"line":228,"column":3}},"84":{"start":{"line":219,"column":4},"end":{"line":219,"column":33}},"85":{"start":{"line":220,"column":4},"end":{"line":220,"column":31}},"86":{"start":{"line":223,"column":4},"end":{"line":227,"column":5}},"87":{"start":{"line":224,"column":6},"end":{"line":226,"column":14}},"88":{"start":{"line":225,"column":8},"end":{"line":225,"column":36}},"89":{"start":{"line":230,"column":32},"end":{"line":233,"column":3}},"90":{"start":{"line":232,"column":4},"end":{"line":232,"column":30}},"91":{"start":{"line":235,"column":29},"end":{"line":265,"column":3}},"92":{"start":{"line":236,"column":4},"end":{"line":236,"column":33}},"93":{"start":{"line":238,"column":4},"end":{"line":264,"column":5}},"94":{"start":{"line":240,"column":6},"end":{"line":242,"column":7}},"95":{"start":{"line":241,"column":8},"end":{"line":241,"column":70}},"96":{"start":{"line":245,"column":22},"end":{"line":245,"column":65}},"97":{"start":{"line":248,"column":6},"end":{"line":248,"column":34}},"98":{"start":{"line":249,"column":6},"end":{"line":249,"column":49}},"99":{"start":{"line":250,"column":6},"end":{"line":250,"column":43}},"100":{"start":{"line":253,"column":6},"end":{"line":253,"column":33}},"101":{"start":{"line":254,"column":6},"end":{"line":254,"column":36}},"102":{"start":{"line":256,"column":6},"end":{"line":256,"column":84}},"103":{"start":{"line":259,"column":6},"end":{"line":259,"column":56}},"104":{"start":{"line":262,"column":6},"end":{"line":262,"column":36}},"105":{"start":{"line":263,"column":6},"end":{"line":263,"column":73}},"106":{"start":{"line":267,"column":29},"end":{"line":275,"column":3}},"107":{"start":{"line":268,"column":4},"end":{"line":274,"column":5}},"108":{"start":{"line":269,"column":22},"end":{"line":269,"column":71}},"109":{"start":{"line":270,"column":6},"end":{"line":270,"column":49}},"110":{"start":{"line":271,"column":6},"end":{"line":271,"column":65}},"111":{"start":{"line":273,"column":6},"end":{"line":273,"column":73}},"112":{"start":{"line":277,"column":31},"end":{"line":306,"column":3}},"113":{"start":{"line":278,"column":4},"end":{"line":305,"column":5}},"114":{"start":{"line":279,"column":47},"end":{"line":279,"column":76}},"115":{"start":{"line":280,"column":21},"end":{"line":280,"column":53}},"116":{"start":{"line":282,"column":6},"end":{"line":282,"column":29}},"117":{"start":{"line":283,"column":26},"end":{"line":283,"column":74}},"118":{"start":{"line":284,"column":6},"end":{"line":284,"column":32}},"119":{"start":{"line":286,"column":6},"end":{"line":298,"column":7}},"120":{"start":{"line":287,"column":33},"end":{"line":287,"column":62}},"121":{"start":{"line":288,"column":24},"end":{"line":288,"column":57}},"122":{"start":{"line":290,"column":8},"end":{"line":293,"column":12}},"123":{"start":{"line":290,"column":29},"end":{"line":293,"column":9}},"124":{"start":{"line":296,"column":40},"end":{"line":296,"column":72}},"125":{"start":{"line":297,"column":8},"end":{"line":297,"column":71}},"126":{"start":{"line":300,"column":6},"end":{"line":300,"column":75}},"127":{"start":{"line":301,"column":6},"end":{"line":304,"column":10}},"128":{"start":{"line":301,"column":27},"end":{"line":304,"column":7}},"129":{"start":{"line":308,"column":31},"end":{"line":313,"column":3}},"130":{"start":{"line":309,"column":4},"end":{"line":312,"column":5}},"131":{"start":{"line":310,"column":6},"end":{"line":310,"column":72}},"132":{"start":{"line":311,"column":6},"end":{"line":311,"column":52}},"133":{"start":{"line":315,"column":23},"end":{"line":317,"column":3}},"134":{"start":{"line":316,"column":4},"end":{"line":316,"column":51}},"135":{"start":{"line":319,"column":30},"end":{"line":321,"column":3}},"136":{"start":{"line":320,"column":4},"end":{"line":320,"column":46}},"137":{"start":{"line":323,"column":23},"end":{"line":323,"column":74}},"138":{"start":{"line":324,"column":21},"end":{"line":324,"column":43}},"139":{"start":{"line":326,"column":29},"end":{"line":339,"column":8}},"140":{"start":{"line":327,"column":4},"end":{"line":338,"column":7}},"141":{"start":{"line":328,"column":6},"end":{"line":330,"column":7}},"142":{"start":{"line":329,"column":8},"end":{"line":329,"column":20}},"143":{"start":{"line":331,"column":6},"end":{"line":337,"column":8}},"144":{"start":{"line":341,"column":34},"end":{"line":343,"column":8}},"145":{"start":{"line":342,"column":4},"end":{"line":342,"column":28}},"146":{"start":{"line":346,"column":2},"end":{"line":374,"column":3}},"147":{"start":{"line":347,"column":4},"end":{"line":373,"column":6}},"148":{"start":{"line":376,"column":2},"end":{"line":587,"column":4}},"149":{"start":{"line":406,"column":29},"end":{"line":406,"column":54}},"150":{"start":{"line":423,"column":16},"end":{"line":462,"column":27}},"151":{"start":{"line":426,"column":35},"end":{"line":426,"column":66}},"152":{"start":{"line":516,"column":33},"end":{"line":516,"column":58}},"153":{"start":{"line":526,"column":45},"end":{"line":526,"column":69}},"154":{"start":{"line":557,"column":25},"end":{"line":557,"column":51}},"155":{"start":{"line":580,"column":50},"end":{"line":580,"column":73}}},"fnMap":{"0":{"name":"App","decl":{"start":{"line":71,"column":9},"end":{"line":71,"column":12}},"loc":{"start":{"line":71,"column":15},"end":{"line":588,"column":1}},"line":71},"1":{"name":"(anonymous_1)","decl":{"start":{"line":97,"column":12},"end":{"line":97,"column":13}},"loc":{"start":{"line":97,"column":18},"end":{"line":104,"column":3}},"line":97},"2":{"name":"(anonymous_2)","decl":{"start":{"line":101,"column":11},"end":{"line":101,"column":12}},"loc":{"start":{"line":101,"column":17},"end":{"line":103,"column":5}},"line":101},"3":{"name":"(anonymous_3)","decl":{"start":{"line":106,"column":24},"end":{"line":106,"column":25}},"loc":{"start":{"line":106,"column":36},"end":{"line":122,"column":3}},"line":106},"4":{"name":"(anonymous_4)","decl":{"start":{"line":124,"column":36},"end":{"line":124,"column":37}},"loc":{"start":{"line":124,"column":42},"end":{"line":156,"column":3}},"line":124},"5":{"name":"(anonymous_5)","decl":{"start":{"line":126,"column":41},"end":{"line":126,"column":42}},"loc":{"start":{"line":126,"column":47},"end":{"line":130,"column":7}},"line":126},"6":{"name":"(anonymous_6)","decl":{"start":{"line":132,"column":44},"end":{"line":132,"column":45}},"loc":{"start":{"line":132,"column":50},"end":{"line":136,"column":7}},"line":132},"7":{"name":"(anonymous_7)","decl":{"start":{"line":138,"column":47},"end":{"line":138,"column":48}},"loc":{"start":{"line":138,"column":53},"end":{"line":142,"column":7}},"line":138},"8":{"name":"(anonymous_8)","decl":{"start":{"line":144,"column":39},"end":{"line":144,"column":40}},"loc":{"start":{"line":144,"column":45},"end":{"line":148,"column":7}},"line":144},"9":{"name":"(anonymous_9)","decl":{"start":{"line":150,"column":46},"end":{"line":150,"column":47}},"loc":{"start":{"line":150,"column":52},"end":{"line":154,"column":7}},"line":150},"10":{"name":"(anonymous_10)","decl":{"start":{"line":158,"column":38},"end":{"line":158,"column":39}},"loc":{"start":{"line":158,"column":44},"end":{"line":166,"column":3}},"line":158},"11":{"name":"(anonymous_11)","decl":{"start":{"line":168,"column":31},"end":{"line":168,"column":32}},"loc":{"start":{"line":168,"column":51},"end":{"line":216,"column":3}},"line":168},"12":{"name":"(anonymous_12)","decl":{"start":{"line":207,"column":51},"end":{"line":207,"column":52}},"loc":{"start":{"line":207,"column":65},"end":{"line":209,"column":9}},"line":207},"13":{"name":"(anonymous_13)","decl":{"start":{"line":218,"column":31},"end":{"line":218,"column":32}},"loc":{"start":{"line":218,"column":37},"end":{"line":228,"column":3}},"line":218},"14":{"name":"(anonymous_14)","decl":{"start":{"line":224,"column":17},"end":{"line":224,"column":18}},"loc":{"start":{"line":224,"column":23},"end":{"line":226,"column":7}},"line":224},"15":{"name":"(anonymous_15)","decl":{"start":{"line":230,"column":32},"end":{"line":230,"column":33}},"loc":{"start":{"line":230,"column":38},"end":{"line":233,"column":3}},"line":230},"16":{"name":"(anonymous_16)","decl":{"start":{"line":235,"column":29},"end":{"line":235,"column":30}},"loc":{"start":{"line":235,"column":51},"end":{"line":265,"column":3}},"line":235},"17":{"name":"(anonymous_17)","decl":{"start":{"line":267,"column":29},"end":{"line":267,"column":30}},"loc":{"start":{"line":267,"column":51},"end":{"line":275,"column":3}},"line":267},"18":{"name":"(anonymous_18)","decl":{"start":{"line":277,"column":31},"end":{"line":277,"column":32}},"loc":{"start":{"line":277,"column":65},"end":{"line":306,"column":3}},"line":277},"19":{"name":"(anonymous_19)","decl":{"start":{"line":290,"column":20},"end":{"line":290,"column":21}},"loc":{"start":{"line":290,"column":29},"end":{"line":293,"column":9}},"line":290},"20":{"name":"(anonymous_20)","decl":{"start":{"line":301,"column":18},"end":{"line":301,"column":19}},"loc":{"start":{"line":301,"column":27},"end":{"line":304,"column":7}},"line":301},"21":{"name":"(anonymous_21)","decl":{"start":{"line":308,"column":31},"end":{"line":308,"column":32}},"loc":{"start":{"line":308,"column":37},"end":{"line":313,"column":3}},"line":308},"22":{"name":"(anonymous_22)","decl":{"start":{"line":315,"column":23},"end":{"line":315,"column":24}},"loc":{"start":{"line":315,"column":55},"end":{"line":317,"column":3}},"line":315},"23":{"name":"(anonymous_23)","decl":{"start":{"line":319,"column":30},"end":{"line":319,"column":31}},"loc":{"start":{"line":319,"column":36},"end":{"line":321,"column":3}},"line":319},"24":{"name":"(anonymous_24)","decl":{"start":{"line":326,"column":41},"end":{"line":326,"column":42}},"loc":{"start":{"line":326,"column":66},"end":{"line":339,"column":3}},"line":326},"25":{"name":"(anonymous_25)","decl":{"start":{"line":327,"column":15},"end":{"line":327,"column":16}},"loc":{"start":{"line":327,"column":25},"end":{"line":338,"column":5}},"line":327},"26":{"name":"(anonymous_26)","decl":{"start":{"line":341,"column":46},"end":{"line":341,"column":47}},"loc":{"start":{"line":341,"column":64},"end":{"line":343,"column":3}},"line":341},"27":{"name":"(anonymous_27)","decl":{"start":{"line":406,"column":23},"end":{"line":406,"column":24}},"loc":{"start":{"line":406,"column":29},"end":{"line":406,"column":54}},"line":406},"28":{"name":"(anonymous_28)","decl":{"start":{"line":422,"column":29},"end":{"line":422,"column":30}},"loc":{"start":{"line":423,"column":16},"end":{"line":462,"column":27}},"line":423},"29":{"name":"(anonymous_29)","decl":{"start":{"line":426,"column":29},"end":{"line":426,"column":30}},"loc":{"start":{"line":426,"column":35},"end":{"line":426,"column":66}},"line":426},"30":{"name":"(anonymous_30)","decl":{"start":{"line":516,"column":27},"end":{"line":516,"column":28}},"loc":{"start":{"line":516,"column":33},"end":{"line":516,"column":58}},"line":516},"31":{"name":"(anonymous_31)","decl":{"start":{"line":526,"column":28},"end":{"line":526,"column":29}},"loc":{"start":{"line":526,"column":45},"end":{"line":526,"column":69}},"line":526},"32":{"name":"(anonymous_32)","decl":{"start":{"line":557,"column":19},"end":{"line":557,"column":20}},"loc":{"start":{"line":557,"column":25},"end":{"line":557,"column":51}},"line":557},"33":{"name":"(anonymous_33)","decl":{"start":{"line":580,"column":39},"end":{"line":580,"column":40}},"loc":{"start":{"line":580,"column":50},"end":{"line":580,"column":73}},"line":580}},"branchMap":{"0":{"loc":{"start":{"line":110,"column":6},"end":{"line":118,"column":7}},"type":"if","locations":[{"start":{"line":110,"column":6},"end":{"line":118,"column":7}},{"start":{"line":114,"column":13},"end":{"line":118,"column":7}}],"line":110},"1":{"loc":{"start":{"line":125,"column":4},"end":{"line":155,"column":5}},"type":"if","locations":[{"start":{"line":125,"column":4},"end":{"line":155,"column":5}},{"start":{},"end":{}}],"line":125},"2":{"loc":{"start":{"line":127,"column":8},"end":{"line":129,"column":9}},"type":"if","locations":[{"start":{"line":127,"column":8},"end":{"line":129,"column":9}},{"start":{},"end":{}}],"line":127},"3":{"loc":{"start":{"line":133,"column":8},"end":{"line":135,"column":9}},"type":"if","locations":[{"start":{"line":133,"column":8},"end":{"line":135,"column":9}},{"start":{},"end":{}}],"line":133},"4":{"loc":{"start":{"line":139,"column":8},"end":{"line":141,"column":9}},"type":"if","locations":[{"start":{"line":139,"column":8},"end":{"line":141,"column":9}},{"start":{},"end":{}}],"line":139},"5":{"loc":{"start":{"line":139,"column":12},"end":{"line":139,"column":42}},"type":"binary-expr","locations":[{"start":{"line":139,"column":12},"end":{"line":139,"column":22}},{"start":{"line":139,"column":26},"end":{"line":139,"column":42}}],"line":139},"6":{"loc":{"start":{"line":145,"column":8},"end":{"line":147,"column":9}},"type":"if","locations":[{"start":{"line":145,"column":8},"end":{"line":147,"column":9}},{"start":{},"end":{}}],"line":145},"7":{"loc":{"start":{"line":145,"column":12},"end":{"line":145,"column":42}},"type":"binary-expr","locations":[{"start":{"line":145,"column":12},"end":{"line":145,"column":22}},{"start":{"line":145,"column":26},"end":{"line":145,"column":42}}],"line":145},"8":{"loc":{"start":{"line":151,"column":8},"end":{"line":153,"column":9}},"type":"if","locations":[{"start":{"line":151,"column":8},"end":{"line":153,"column":9}},{"start":{},"end":{}}],"line":151},"9":{"loc":{"start":{"line":151,"column":12},"end":{"line":151,"column":42}},"type":"binary-expr","locations":[{"start":{"line":151,"column":12},"end":{"line":151,"column":22}},{"start":{"line":151,"column":26},"end":{"line":151,"column":42}}],"line":151},"10":{"loc":{"start":{"line":159,"column":4},"end":{"line":165,"column":5}},"type":"if","locations":[{"start":{"line":159,"column":4},"end":{"line":165,"column":5}},{"start":{},"end":{}}],"line":159},"11":{"loc":{"start":{"line":173,"column":6},"end":{"line":210,"column":7}},"type":"if","locations":[{"start":{"line":173,"column":6},"end":{"line":210,"column":7}},{"start":{"line":193,"column":13},"end":{"line":210,"column":7}}],"line":173},"12":{"loc":{"start":{"line":198,"column":19},"end":{"line":198,"column":40}},"type":"binary-expr","locations":[{"start":{"line":198,"column":19},"end":{"line":198,"column":34}},{"start":{"line":198,"column":38},"end":{"line":198,"column":40}}],"line":198},"13":{"loc":{"start":{"line":200,"column":23},"end":{"line":200,"column":49}},"type":"binary-expr","locations":[{"start":{"line":200,"column":23},"end":{"line":200,"column":43}},{"start":{"line":200,"column":47},"end":{"line":200,"column":49}}],"line":200},"14":{"loc":{"start":{"line":207,"column":20},"end":{"line":207,"column":41}},"type":"binary-expr","locations":[{"start":{"line":207,"column":20},"end":{"line":207,"column":35}},{"start":{"line":207,"column":39},"end":{"line":207,"column":41}}],"line":207},"15":{"loc":{"start":{"line":223,"column":4},"end":{"line":227,"column":5}},"type":"if","locations":[{"start":{"line":223,"column":4},"end":{"line":227,"column":5}},{"start":{},"end":{}}],"line":223},"16":{"loc":{"start":{"line":240,"column":6},"end":{"line":242,"column":7}},"type":"if","locations":[{"start":{"line":240,"column":6},"end":{"line":242,"column":7}},{"start":{},"end":{}}],"line":240},"17":{"loc":{"start":{"line":286,"column":6},"end":{"line":298,"column":7}},"type":"if","locations":[{"start":{"line":286,"column":6},"end":{"line":298,"column":7}},{"start":{},"end":{}}],"line":286},"18":{"loc":{"start":{"line":309,"column":4},"end":{"line":312,"column":5}},"type":"if","locations":[{"start":{"line":309,"column":4},"end":{"line":312,"column":5}},{"start":{},"end":{}}],"line":309},"19":{"loc":{"start":{"line":309,"column":8},"end":{"line":309,"column":53}},"type":"binary-expr","locations":[{"start":{"line":309,"column":8},"end":{"line":309,"column":24}},{"start":{"line":309,"column":28},"end":{"line":309,"column":53}}],"line":309},"20":{"loc":{"start":{"line":315,"column":33},"end":{"line":315,"column":50}},"type":"default-arg","locations":[{"start":{"line":315,"column":44},"end":{"line":315,"column":50}}],"line":315},"21":{"loc":{"start":{"line":323,"column":23},"end":{"line":323,"column":74}},"type":"cond-expr","locations":[{"start":{"line":323,"column":42},"end":{"line":323,"column":67}},{"start":{"line":323,"column":70},"end":{"line":323,"column":74}}],"line":323},"22":{"loc":{"start":{"line":328,"column":6},"end":{"line":330,"column":7}},"type":"if","locations":[{"start":{"line":328,"column":6},"end":{"line":330,"column":7}},{"start":{},"end":{}}],"line":328},"23":{"loc":{"start":{"line":341,"column":47},"end":{"line":341,"column":59}},"type":"default-arg","locations":[{"start":{"line":341,"column":57},"end":{"line":341,"column":59}}],"line":341},"24":{"loc":{"start":{"line":346,"column":2},"end":{"line":374,"column":3}},"type":"if","locations":[{"start":{"line":346,"column":2},"end":{"line":374,"column":3}},{"start":{},"end":{}}],"line":346},"25":{"loc":{"start":{"line":415,"column":13},"end":{"line":464,"column":13}},"type":"cond-expr","locations":[{"start":{"line":416,"column":14},"end":{"line":420,"column":25}},{"start":{"line":422,"column":14},"end":{"line":463,"column":16}}],"line":415},"26":{"loc":{"start":{"line":451,"column":37},"end":{"line":451,"column":91}},"type":"cond-expr","locations":[{"start":{"line":451,"column":68},"end":{"line":451,"column":77}},{"start":{"line":451,"column":80},"end":{"line":451,"column":91}}],"line":451},"27":{"loc":{"start":{"line":455,"column":31},"end":{"line":455,"column":77}},"type":"binary-expr","locations":[{"start":{"line":455,"column":31},"end":{"line":455,"column":52}},{"start":{"line":455,"column":56},"end":{"line":455,"column":70}},{"start":{"line":455,"column":74},"end":{"line":455,"column":77}}],"line":455},"28":{"loc":{"start":{"line":474,"column":17},"end":{"line":474,"column":72}},"type":"cond-expr","locations":[{"start":{"line":474,"column":32},"end":{"line":474,"column":49}},{"start":{"line":474,"column":52},"end":{"line":474,"column":72}}],"line":474},"29":{"loc":{"start":{"line":477,"column":15},"end":{"line":489,"column":15}},"type":"binary-expr","locations":[{"start":{"line":477,"column":15},"end":{"line":477,"column":27}},{"start":{"line":478,"column":16},"end":{"line":488,"column":22}}],"line":477},"30":{"loc":{"start":{"line":485,"column":27},"end":{"line":485,"column":87}},"type":"cond-expr","locations":[{"start":{"line":485,"column":64},"end":{"line":485,"column":73}},{"start":{"line":485,"column":76},"end":{"line":485,"column":87}}],"line":485},"31":{"loc":{"start":{"line":495,"column":13},"end":{"line":550,"column":13}},"type":"cond-expr","locations":[{"start":{"line":497,"column":14},"end":{"line":520,"column":20}},{"start":{"line":523,"column":14},"end":{"line":549,"column":20}}],"line":495},"32":{"loc":{"start":{"line":541,"column":27},"end":{"line":541,"column":84}},"type":"binary-expr","locations":[{"start":{"line":541,"column":27},"end":{"line":541,"column":53}},{"start":{"line":541,"column":57},"end":{"line":541,"column":77}},{"start":{"line":541,"column":81},"end":{"line":541,"column":84}}],"line":541}},"s":{"0":0,"1":0,"2":0,"3":0,"4":0,"5":0,"6":0,"7":0,"8":0,"9":0,"10":0,"11":0,"12":0,"13":0,"14":0,"15":0,"16":0,"17":0,"18":0,"19":0,"20":0,"21":0,"22":0,"23":0,"24":0,"25":0,"26":0,"27":0,"28":0,"29":0,"30":0,"31":0,"32":0,"33":0,"34":0,"35":0,"36":0,"37":0,"38":0,"39":0,"40":0,"41":0,"42":0,"43":0,"44":0,"45":0,"46":0,"47":0,"48":0,"49":0,"50":0,"51":0,"52":0,"53":0,"54":0,"55":0,"56":0,"57":0,"58":0,"59":0,"60":0,"61":0,"62":0,"63":0,"64":0,"65":0,"66":0,"67":0,"68":0,"69":0,"70":0,"71":0,"72":0,"73":0,"74":0,"75":0,"76":0,"77":0,"78":0,"79":0,"80":0,"81":0,"82":0,"83":0,"84":0,"85":0,"86":0,"87":0,"88":0,"89":0,"90":0,"91":0,"92":0,"93":0,"94":0,"95":0,"96":0,"97":0,"98":0,"99":0,"100":0,"101":0,"102":0,"103":0,"104":0,"105":0,"106":0,"107":0,"108":0,"109":0,"110":0,"111":0,"112":0,"113":0,"114":0,"115":0,"116":0,"117":0,"118":0,"119":0,"120":0,"121":0,"122":0,"123":0,"124":0,"125":0,"126":0,"127":0,"128":0,"129":0,"130":0,"131":0,"132":0,"133":0,"134":0,"135":0,"136":0,"137":0,"138":0,"139":0,"140":0,"141":0,"142":0,"143":0,"144":0,"145":0,"146":0,"147":0,"148":0,"149":0,"150":0,"151":0,"152":0,"153":0,"154":0,"155":0},"f":{"0":0,"1":0,"2":0,"3":0,"4":0,"5":0,"6":0,"7":0,"8":0,"9":0,"10":0,"11":0,"12":0,"13":0,"14":0,"15":0,"16":0,"17":0,"18":0,"19":0,"20":0,"21":0,"22":0,"23":0,"24":0,"25":0,"26":0,"27":0,"28":0,"29":0,"30":0,"31":0,"32":0,"33":0},"b":{"0":[0,0],"1":[0,0],"2":[0,0],"3":[0,0],"4":[0,0],"5":[0,0],"6":[0,0],"7":[0,0],"8":[0,0],"9":[0,0],"10":[0,0],"11":[0,0],"12":[0,0],"13":[0,0],"14":[0,0],"15":[0,0],"16":[0,0],"17":[0,0],"18":[0,0],"19":[0,0],"20":[0],"21":[0,0],"22":[0,0],"23":[0],"24":[0,0],"25":[0,0],"26":[0,0],"27":[0,0,0],"28":[0,0],"29":[0,0],"30":[0,0],"31":[0,0],"32":[0,0,0]}}
,"/Users/beast/xrp_wallet_manager/src/index.js": {"path":"/Users/beast/xrp_wallet_manager/src/index.js","statementMap":{"0":{"start":{"line":5,"column":13},"end":{"line":5,"column":65}},"1":{"start":{"line":6,"column":0},"end":{"line":10,"column":2}}},"fnMap":{},"branchMap":{},"s":{"0":0,"1":0},"f":{},"b":{}}
,"/Users/beast/xrp_wallet_manager/src/components/AddressBookManager.js": {"path":"/Users/beast/xrp_wallet_manager/src/components/AddressBookManager.js","statementMap":{"0":{"start":{"line":47,"column":44},"end":{"line":47,"column":59}},"1":{"start":{"line":48,"column":42},"end":{"line":48,"column":56}},"2":{"start":{"line":49,"column":38},"end":{"line":49,"column":50}},"3":{"start":{"line":50,"column":34},"end":{"line":55,"column":4}},"4":{"start":{"line":56,"column":30},"end":{"line":56,"column":42}},"5":{"start":{"line":57,"column":32},"end":{"line":57,"column":47}},"6":{"start":{"line":59,"column":26},"end":{"line":62,"column":3}},"7":{"start":{"line":60,"column":4},"end":{"line":61,"column":66}},"8":{"start":{"line":64,"column":20},"end":{"line":73,"column":3}},"9":{"start":{"line":65,"column":4},"end":{"line":70,"column":7}},"10":{"start":{"line":71,"column":4},"end":{"line":71,"column":18}},"11":{"start":{"line":72,"column":4},"end":{"line":72,"column":26}},"12":{"start":{"line":75,"column":30},"end":{"line":78,"column":3}},"13":{"start":{"line":76,"column":4},"end":{"line":76,"column":16}},"14":{"start":{"line":77,"column":4},"end":{"line":77,"column":27}},"15":{"start":{"line":80,"column":31},"end":{"line":89,"column":3}},"16":{"start":{"line":81,"column":4},"end":{"line":86,"column":7}},"17":{"start":{"line":87,"column":4},"end":{"line":87,"column":27}},"18":{"start":{"line":88,"column":4},"end":{"line":88,"column":27}},"19":{"start":{"line":91,"column":28},"end":{"line":94,"column":3}},"20":{"start":{"line":92,"column":4},"end":{"line":92,"column":28}},"21":{"start":{"line":93,"column":4},"end":{"line":93,"column":16}},"22":{"start":{"line":96,"column":23},"end":{"line":126,"column":3}},"23":{"start":{"line":97,"column":22},"end":{"line":97,"column":24}},"24":{"start":{"line":99,"column":4},"end":{"line":103,"column":5}},"25":{"start":{"line":100,"column":6},"end":{"line":100,"column":44}},"26":{"start":{"line":101,"column":11},"end":{"line":103,"column":5}},"27":{"start":{"line":102,"column":6},"end":{"line":102,"column":62}},"28":{"start":{"line":105,"column":4},"end":{"line":109,"column":5}},"29":{"start":{"line":106,"column":6},"end":{"line":106,"column":48}},"30":{"start":{"line":107,"column":11},"end":{"line":109,"column":5}},"31":{"start":{"line":108,"column":6},"end":{"line":108,"column":55}},"32":{"start":{"line":111,"column":4},"end":{"line":113,"column":5}},"33":{"start":{"line":112,"column":6},"end":{"line":112,"column":60}},"34":{"start":{"line":116,"column":26},"end":{"line":119,"column":5}},"35":{"start":{"line":117,"column":6},"end":{"line":118,"column":59}},"36":{"start":{"line":120,"column":4},"end":{"line":122,"column":5}},"37":{"start":{"line":121,"column":6},"end":{"line":121,"column":47}},"38":{"start":{"line":124,"column":4},"end":{"line":124,"column":25}},"39":{"start":{"line":125,"column":4},"end":{"line":125,"column":47}},"40":{"start":{"line":128,"column":26},"end":{"line":154,"column":3}},"41":{"start":{"line":129,"column":4},"end":{"line":129,"column":32}},"42":{"start":{"line":129,"column":25},"end":{"line":129,"column":32}},"43":{"start":{"line":131,"column":4},"end":{"line":131,"column":21}},"44":{"start":{"line":132,"column":4},"end":{"line":153,"column":5}},"45":{"start":{"line":133,"column":24},"end":{"line":138,"column":7}},"46":{"start":{"line":140,"column":6},"end":{"line":146,"column":7}},"47":{"start":{"line":141,"column":8},"end":{"line":141,"column":59}},"48":{"start":{"line":142,"column":8},"end":{"line":142,"column":74}},"49":{"start":{"line":144,"column":8},"end":{"line":144,"column":36}},"50":{"start":{"line":145,"column":8},"end":{"line":145,"column":72}},"51":{"start":{"line":148,"column":6},"end":{"line":148,"column":26}},"52":{"start":{"line":150,"column":6},"end":{"line":150,"column":74}},"53":{"start":{"line":152,"column":6},"end":{"line":152,"column":24}},"54":{"start":{"line":156,"column":28},"end":{"line":165,"column":3}},"55":{"start":{"line":157,"column":4},"end":{"line":164,"column":5}},"56":{"start":{"line":158,"column":6},"end":{"line":163,"column":7}},"57":{"start":{"line":159,"column":8},"end":{"line":159,"column":41}},"58":{"start":{"line":160,"column":8},"end":{"line":160,"column":70}},"59":{"start":{"line":162,"column":8},"end":{"line":162,"column":78}},"60":{"start":{"line":167,"column":28},"end":{"line":174,"column":3}},"61":{"start":{"line":168,"column":4},"end":{"line":173,"column":5}},"62":{"start":{"line":169,"column":6},"end":{"line":169,"column":51}},"63":{"start":{"line":170,"column":6},"end":{"line":170,"column":63}},"64":{"start":{"line":172,"column":6},"end":{"line":172,"column":56}},"65":{"start":{"line":176,"column":31},"end":{"line":179,"column":3}},"66":{"start":{"line":177,"column":16},"end":{"line":177,"column":55}},"67":{"start":{"line":178,"column":4},"end":{"line":178,"column":31}},"68":{"start":{"line":181,"column":2},"end":{"line":419,"column":4}},"69":{"start":{"line":202,"column":25},"end":{"line":202,"column":54}},"70":{"start":{"line":252,"column":16},"end":{"line":342,"column":27}},"71":{"start":{"line":272,"column":41},"end":{"line":272,"column":73}},"72":{"start":{"line":318,"column":41},"end":{"line":318,"column":76}},"73":{"start":{"line":326,"column":41},"end":{"line":326,"column":68}},"74":{"start":{"line":334,"column":41},"end":{"line":334,"column":65}},"75":{"start":{"line":365,"column":31},"end":{"line":365,"column":82}},"76":{"start":{"line":376,"column":31},"end":{"line":376,"column":84}},"77":{"start":{"line":387,"column":31},"end":{"line":387,"column":92}},"78":{"start":{"line":399,"column":31},"end":{"line":399,"column":82}}},"fnMap":{"0":{"name":"AddressBookManager","decl":{"start":{"line":39,"column":24},"end":{"line":39,"column":42}},"loc":{"start":{"line":46,"column":3},"end":{"line":420,"column":1}},"line":46},"1":{"name":"(anonymous_1)","decl":{"start":{"line":59,"column":45},"end":{"line":59,"column":46}},"loc":{"start":{"line":60,"column":4},"end":{"line":61,"column":66}},"line":60},"2":{"name":"(anonymous_2)","decl":{"start":{"line":64,"column":20},"end":{"line":64,"column":21}},"loc":{"start":{"line":64,"column":26},"end":{"line":73,"column":3}},"line":64},"3":{"name":"(anonymous_3)","decl":{"start":{"line":75,"column":30},"end":{"line":75,"column":31}},"loc":{"start":{"line":75,"column":36},"end":{"line":78,"column":3}},"line":75},"4":{"name":"(anonymous_4)","decl":{"start":{"line":80,"column":31},"end":{"line":80,"column":32}},"loc":{"start":{"line":80,"column":42},"end":{"line":89,"column":3}},"line":80},"5":{"name":"(anonymous_5)","decl":{"start":{"line":91,"column":28},"end":{"line":91,"column":29}},"loc":{"start":{"line":91,"column":34},"end":{"line":94,"column":3}},"line":91},"6":{"name":"(anonymous_6)","decl":{"start":{"line":96,"column":23},"end":{"line":96,"column":24}},"loc":{"start":{"line":96,"column":29},"end":{"line":126,"column":3}},"line":96},"7":{"name":"(anonymous_7)","decl":{"start":{"line":116,"column":43},"end":{"line":116,"column":44}},"loc":{"start":{"line":117,"column":6},"end":{"line":118,"column":59}},"line":117},"8":{"name":"(anonymous_8)","decl":{"start":{"line":128,"column":26},"end":{"line":128,"column":27}},"loc":{"start":{"line":128,"column":38},"end":{"line":154,"column":3}},"line":128},"9":{"name":"(anonymous_9)","decl":{"start":{"line":156,"column":28},"end":{"line":156,"column":29}},"loc":{"start":{"line":156,"column":45},"end":{"line":165,"column":3}},"line":156},"10":{"name":"(anonymous_10)","decl":{"start":{"line":167,"column":28},"end":{"line":167,"column":29}},"loc":{"start":{"line":167,"column":47},"end":{"line":174,"column":3}},"line":167},"11":{"name":"(anonymous_11)","decl":{"start":{"line":176,"column":31},"end":{"line":176,"column":32}},"loc":{"start":{"line":176,"column":44},"end":{"line":179,"column":3}},"line":176},"12":{"name":"(anonymous_12)","decl":{"start":{"line":202,"column":18},"end":{"line":202,"column":19}},"loc":{"start":{"line":202,"column":25},"end":{"line":202,"column":54}},"line":202},"13":{"name":"(anonymous_13)","decl":{"start":{"line":251,"column":35},"end":{"line":251,"column":36}},"loc":{"start":{"line":252,"column":16},"end":{"line":342,"column":27}},"line":252},"14":{"name":"(anonymous_14)","decl":{"start":{"line":272,"column":35},"end":{"line":272,"column":36}},"loc":{"start":{"line":272,"column":41},"end":{"line":272,"column":73}},"line":272},"15":{"name":"(anonymous_15)","decl":{"start":{"line":318,"column":35},"end":{"line":318,"column":36}},"loc":{"start":{"line":318,"column":41},"end":{"line":318,"column":76}},"line":318},"16":{"name":"(anonymous_16)","decl":{"start":{"line":326,"column":35},"end":{"line":326,"column":36}},"loc":{"start":{"line":326,"column":41},"end":{"line":326,"column":68}},"line":326},"17":{"name":"(anonymous_17)","decl":{"start":{"line":334,"column":35},"end":{"line":334,"column":36}},"loc":{"start":{"line":334,"column":41},"end":{"line":334,"column":65}},"line":334},"18":{"name":"(anonymous_18)","decl":{"start":{"line":365,"column":24},"end":{"line":365,"column":25}},"loc":{"start":{"line":365,"column":31},"end":{"line":365,"column":82}},"line":365},"19":{"name":"(anonymous_19)","decl":{"start":{"line":376,"column":24},"end":{"line":376,"column":25}},"loc":{"start":{"line":376,"column":31},"end":{"line":376,"column":84}},"line":376},"20":{"name":"(anonymous_20)","decl":{"start":{"line":387,"column":24},"end":{"line":387,"column":25}},"loc":{"start":{"line":387,"column":31},"end":{"line":387,"column":92}},"line":387},"21":{"name":"(anonymous_21)","decl":{"start":{"line":399,"column":24},"end":{"line":399,"column":25}},"loc":{"start":{"line":399,"column":31},"end":{"line":399,"column":82}},"line":399}},"branchMap":{"0":{"loc":{"start":{"line":45,"column":2},"end":{"line":45,"column":21}},"type":"default-arg","locations":[{"start":{"line":45,"column":12},"end":{"line":45,"column":21}}],"line":45},"1":{"loc":{"start":{"line":60,"column":4},"end":{"line":61,"column":66}},"type":"binary-expr","locations":[{"start":{"line":60,"column":4},"end":{"line":60,"column":64}},{"start":{"line":61,"column":4},"end":{"line":61,"column":66}}],"line":60},"2":{"loc":{"start":{"line":84,"column":23},"end":{"line":84,"column":50}},"type":"binary-expr","locations":[{"start":{"line":84,"column":23},"end":{"line":84,"column":44}},{"start":{"line":84,"column":48},"end":{"line":84,"column":50}}],"line":84},"3":{"loc":{"start":{"line":85,"column":13},"end":{"line":85,"column":30}},"type":"binary-expr","locations":[{"start":{"line":85,"column":13},"end":{"line":85,"column":24}},{"start":{"line":85,"column":28},"end":{"line":85,"column":30}}],"line":85},"4":{"loc":{"start":{"line":99,"column":4},"end":{"line":103,"column":5}},"type":"if","locations":[{"start":{"line":99,"column":4},"end":{"line":103,"column":5}},{"start":{"line":101,"column":11},"end":{"line":103,"column":5}}],"line":99},"5":{"loc":{"start":{"line":101,"column":11},"end":{"line":103,"column":5}},"type":"if","locations":[{"start":{"line":101,"column":11},"end":{"line":103,"column":5}},{"start":{},"end":{}}],"line":101},"6":{"loc":{"start":{"line":105,"column":4},"end":{"line":109,"column":5}},"type":"if","locations":[{"start":{"line":105,"column":4},"end":{"line":109,"column":5}},{"start":{"line":107,"column":11},"end":{"line":109,"column":5}}],"line":105},"7":{"loc":{"start":{"line":107,"column":11},"end":{"line":109,"column":5}},"type":"if","locations":[{"start":{"line":107,"column":11},"end":{"line":109,"column":5}},{"start":{},"end":{}}],"line":107},"8":{"loc":{"start":{"line":111,"column":4},"end":{"line":113,"column":5}},"type":"if","locations":[{"start":{"line":111,"column":4},"end":{"line":113,"column":5}},{"start":{},"end":{}}],"line":111},"9":{"loc":{"start":{"line":111,"column":8},"end":{"line":111,"column":84}},"type":"binary-expr","locations":[{"start":{"line":111,"column":8},"end":{"line":111,"column":32}},{"start":{"line":111,"column":36},"end":{"line":111,"column":84}}],"line":111},"10":{"loc":{"start":{"line":117,"column":6},"end":{"line":118,"column":59}},"type":"binary-expr","locations":[{"start":{"line":117,"column":6},"end":{"line":117,"column":64}},{"start":{"line":118,"column":7},"end":{"line":118,"column":20}},{"start":{"line":118,"column":24},"end":{"line":118,"column":58}}],"line":117},"11":{"loc":{"start":{"line":120,"column":4},"end":{"line":122,"column":5}},"type":"if","locations":[{"start":{"line":120,"column":4},"end":{"line":122,"column":5}},{"start":{},"end":{}}],"line":120},"12":{"loc":{"start":{"line":129,"column":4},"end":{"line":129,"column":32}},"type":"if","locations":[{"start":{"line":129,"column":4},"end":{"line":129,"column":32}},{"start":{},"end":{}}],"line":129},"13":{"loc":{"start":{"line":136,"column":25},"end":{"line":136,"column":64}},"type":"binary-expr","locations":[{"start":{"line":136,"column":25},"end":{"line":136,"column":56}},{"start":{"line":136,"column":60},"end":{"line":136,"column":64}}],"line":136},"14":{"loc":{"start":{"line":137,"column":15},"end":{"line":137,"column":44}},"type":"binary-expr","locations":[{"start":{"line":137,"column":15},"end":{"line":137,"column":36}},{"start":{"line":137,"column":40},"end":{"line":137,"column":44}}],"line":137},"15":{"loc":{"start":{"line":140,"column":6},"end":{"line":146,"column":7}},"type":"if","locations":[{"start":{"line":140,"column":6},"end":{"line":146,"column":7}},{"start":{"line":143,"column":13},"end":{"line":146,"column":7}}],"line":140},"16":{"loc":{"start":{"line":157,"column":4},"end":{"line":164,"column":5}},"type":"if","locations":[{"start":{"line":157,"column":4},"end":{"line":164,"column":5}},{"start":{},"end":{}}],"line":157},"17":{"loc":{"start":{"line":214,"column":7},"end":{"line":347,"column":7}},"type":"cond-expr","locations":[{"start":{"line":215,"column":8},"end":{"line":237,"column":15}},{"start":{"line":239,"column":8},"end":{"line":346,"column":25}}],"line":214},"18":{"loc":{"start":{"line":219,"column":15},"end":{"line":219,"column":84}},"type":"cond-expr","locations":[{"start":{"line":219,"column":42},"end":{"line":219,"column":59}},{"start":{"line":219,"column":62},"end":{"line":219,"column":84}}],"line":219},"19":{"loc":{"start":{"line":222,"column":15},"end":{"line":224,"column":52}},"type":"cond-expr","locations":[{"start":{"line":223,"column":18},"end":{"line":223,"column":58}},{"start":{"line":224,"column":18},"end":{"line":224,"column":52}}],"line":222},"20":{"loc":{"start":{"line":227,"column":13},"end":{"line":235,"column":13}},"type":"binary-expr","locations":[{"start":{"line":227,"column":13},"end":{"line":227,"column":37}},{"start":{"line":228,"column":14},"end":{"line":234,"column":23}}],"line":227},"21":{"loc":{"start":{"line":280,"column":21},"end":{"line":290,"column":21}},"type":"cond-expr","locations":[{"start":{"line":281,"column":22},"end":{"line":285,"column":24}},{"start":{"line":287,"column":22},"end":{"line":289,"column":35}}],"line":280},"22":{"loc":{"start":{"line":293,"column":21},"end":{"line":311,"column":21}},"type":"cond-expr","locations":[{"start":{"line":294,"column":22},"end":{"line":306,"column":32}},{"start":{"line":308,"column":22},"end":{"line":310,"column":35}}],"line":293},"23":{"loc":{"start":{"line":357,"column":11},"end":{"line":357,"column":60}},"type":"cond-expr","locations":[{"start":{"line":357,"column":26},"end":{"line":357,"column":40}},{"start":{"line":357,"column":43},"end":{"line":357,"column":60}}],"line":357},"24":{"loc":{"start":{"line":389,"column":26},"end":{"line":389,"column":80}},"type":"binary-expr","locations":[{"start":{"line":389,"column":26},"end":{"line":389,"column":48}},{"start":{"line":389,"column":52},"end":{"line":389,"column":80}}],"line":389},"25":{"loc":{"start":{"line":414,"column":13},"end":{"line":414,"column":44}},"type":"cond-expr","locations":[{"start":{"line":414,"column":28},"end":{"line":414,"column":36}},{"start":{"line":414,"column":39},"end":{"line":414,"column":44}}],"line":414}},"s":{"0":0,"1":0,"2":0,"3":0,"4":0,"5":0,"6":0,"7":0,"8":0,"9":0,"10":0,"11":0,"12":0,"13":0,"14":0,"15":0,"16":0,"17":0,"18":0,"19":0,"20":0,"21":0,"22":0,"23":0,"24":0,"25":0,"26":0,"27":0,"28":0,"29":0,"30":0,"31":0,"32":0,"33":0,"34":0,"35":0,"36":0,"37":0,"38":0,"39":0,"40":0,"41":0,"42":0,"43":0,"44":0,"45":0,"46":0,"47":0,"48":0,"49":0,"50":0,"51":0,"52":0,"53":0,"54":0,"55":0,"56":0,"57":0,"58":0,"59":0,"60":0,"61":0,"62":0,"63":0,"64":0,"65":0,"66":0,"67":0,"68":0,"69":0,"70":0,"71":0,"72":0,"73":0,"74":0,"75":0,"76":0,"77":0,"78":0},"f":{"0":0,"1":0,"2":0,"3":0,"4":0,"5":0,"6":0,"7":0,"8":0,"9":0,"10":0,"11":0,"12":0,"13":0,"14":0,"15":0,"16":0,"17":0,"18":0,"19":0,"20":0,"21":0},"b":{"0":[0],"1":[0,0],"2":[0,0],"3":[0,0],"4":[0,0],"5":[0,0],"6":[0,0],"7":[0,0],"8":[0,0],"9":[0,0],"10":[0,0,0],"11":[0,0],"12":[0,0],"13":[0,0],"14":[0,0],"15":[0,0],"16":[0,0],"17":[0,0],"18":[0,0],"19":[0,0],"20":[0,0],"21":[0,0],"22":[0,0],"23":[0,0],"24":[0,0],"25":[0,0]}}
,"/Users/beast/xrp_wallet_manager/src/components/ImportWalletDialog.js": {"path":"/Users/beast/xrp_wallet_manager/src/components/ImportWalletDialog.js","statementMap":{"0":{"start":{"line":29,"column":14},"end":{"line":29,"column":68}},"1":{"start":{"line":37,"column":38},"end":{"line":37,"column":49}},"2":{"start":{"line":38,"column":30},"end":{"line":38,"column":42}},"3":{"start":{"line":39,"column":38},"end":{"line":39,"column":50}},"4":{"start":{"line":40,"column":48},"end":{"line":40,"column":67}},"5":{"start":{"line":41,"column":38},"end":{"line":41,"column":52}},"6":{"start":{"line":42,"column":28},"end":{"line":42,"column":40}},"7":{"start":{"line":43,"column":48},"end":{"line":43,"column":60}},"8":{"start":{"line":45,"column":2},"end":{"line":56,"column":13}},"9":{"start":{"line":46,"column":4},"end":{"line":55,"column":5}},"10":{"start":{"line":48,"column":6},"end":{"line":48,"column":23}},"11":{"start":{"line":49,"column":6},"end":{"line":49,"column":20}},"12":{"start":{"line":50,"column":6},"end":{"line":50,"column":24}},"13":{"start":{"line":51,"column":6},"end":{"line":51,"column":36}},"14":{"start":{"line":52,"column":6},"end":{"line":52,"column":26}},"15":{"start":{"line":53,"column":6},"end":{"line":53,"column":19}},"16":{"start":{"line":54,"column":6},"end":{"line":54,"column":29}},"17":{"start":{"line":58,"column":29},"end":{"line":75,"column":3}},"18":{"start":{"line":59,"column":22},"end":{"line":59,"column":43}},"19":{"start":{"line":60,"column":4},"end":{"line":60,"column":25}},"20":{"start":{"line":61,"column":4},"end":{"line":61,"column":27}},"21":{"start":{"line":63,"column":4},"end":{"line":74,"column":5}},"22":{"start":{"line":64,"column":6},"end":{"line":71,"column":7}},"23":{"start":{"line":65,"column":21},"end":{"line":65,"column":54}},"24":{"start":{"line":66,"column":8},"end":{"line":66,"column":28}},"25":{"start":{"line":67,"column":8},"end":{"line":67,"column":49}},"26":{"start":{"line":69,"column":8},"end":{"line":69,"column":28}},"27":{"start":{"line":70,"column":8},"end":{"line":70,"column":42}},"28":{"start":{"line":73,"column":6},"end":{"line":73,"column":26}},"29":{"start":{"line":77,"column":35},"end":{"line":88,"column":3}},"30":{"start":{"line":78,"column":4},"end":{"line":78,"column":17}},"31":{"start":{"line":79,"column":4},"end":{"line":87,"column":5}},"32":{"start":{"line":80,"column":25},"end":{"line":80,"column":51}},"33":{"start":{"line":81,"column":6},"end":{"line":81,"column":35}},"34":{"start":{"line":82,"column":6},"end":{"line":82,"column":32}},"35":{"start":{"line":83,"column":6},"end":{"line":83,"column":64}},"36":{"start":{"line":84,"column":6},"end":{"line":84,"column":36}},"37":{"start":{"line":86,"column":6},"end":{"line":86,"column":67}},"38":{"start":{"line":90,"column":21},"end":{"line":115,"column":3}},"39":{"start":{"line":91,"column":4},"end":{"line":111,"column":5}},"40":{"start":{"line":93,"column":6},"end":{"line":96,"column":7}},"41":{"start":{"line":94,"column":8},"end":{"line":94,"column":85}},"42":{"start":{"line":95,"column":8},"end":{"line":95,"column":15}},"43":{"start":{"line":97,"column":6},"end":{"line":100,"column":7}},"44":{"start":{"line":98,"column":8},"end":{"line":98,"column":59}},"45":{"start":{"line":99,"column":8},"end":{"line":99,"column":15}},"46":{"start":{"line":101,"column":11},"end":{"line":111,"column":5}},"47":{"start":{"line":103,"column":6},"end":{"line":106,"column":7}},"48":{"start":{"line":104,"column":8},"end":{"line":104,"column":57}},"49":{"start":{"line":105,"column":8},"end":{"line":105,"column":15}},"50":{"start":{"line":107,"column":6},"end":{"line":110,"column":7}},"51":{"start":{"line":108,"column":8},"end":{"line":108,"column":77}},"52":{"start":{"line":109,"column":8},"end":{"line":109,"column":15}},"53":{"start":{"line":113,"column":4},"end":{"line":113,"column":27}},"54":{"start":{"line":114,"column":4},"end":{"line":114,"column":46}},"55":{"start":{"line":114,"column":32},"end":{"line":114,"column":44}},"56":{"start":{"line":117,"column":21},"end":{"line":120,"column":3}},"57":{"start":{"line":118,"column":4},"end":{"line":118,"column":27}},"58":{"start":{"line":119,"column":4},"end":{"line":119,"column":46}},"59":{"start":{"line":119,"column":32},"end":{"line":119,"column":44}},"60":{"start":{"line":122,"column":23},"end":{"line":140,"column":3}},"61":{"start":{"line":123,"column":4},"end":{"line":126,"column":5}},"62":{"start":{"line":124,"column":6},"end":{"line":124,"column":57}},"63":{"start":{"line":125,"column":6},"end":{"line":125,"column":13}},"64":{"start":{"line":128,"column":23},"end":{"line":137,"column":5}},"65":{"start":{"line":139,"column":4},"end":{"line":139,"column":25}},"66":{"start":{"line":142,"column":28},"end":{"line":360,"column":3}},"67":{"start":{"line":143,"column":4},"end":{"line":359,"column":5}},"68":{"start":{"line":145,"column":8},"end":{"line":224,"column":10}},"69":{"start":{"line":227,"column":8},"end":{"line":295,"column":10}},"70":{"start":{"line":237,"column":31},"end":{"line":237,"column":60}},"71":{"start":{"line":247,"column":33},"end":{"line":247,"column":67}},"72":{"start":{"line":298,"column":8},"end":{"line":355,"column":10}},"73":{"start":{"line":358,"column":8},"end":{"line":358,"column":20}},"74":{"start":{"line":362,"column":2},"end":{"line":430,"column":4}},"75":{"start":{"line":383,"column":14},"end":{"line":385,"column":21}}},"fnMap":{"0":{"name":"ImportWalletDialog","decl":{"start":{"line":31,"column":24},"end":{"line":31,"column":42}},"loc":{"start":{"line":36,"column":3},"end":{"line":431,"column":1}},"line":36},"1":{"name":"(anonymous_1)","decl":{"start":{"line":45,"column":12},"end":{"line":45,"column":13}},"loc":{"start":{"line":45,"column":18},"end":{"line":56,"column":3}},"line":45},"2":{"name":"(anonymous_2)","decl":{"start":{"line":58,"column":29},"end":{"line":58,"column":30}},"loc":{"start":{"line":58,"column":36},"end":{"line":75,"column":3}},"line":58},"3":{"name":"(anonymous_3)","decl":{"start":{"line":77,"column":35},"end":{"line":77,"column":36}},"loc":{"start":{"line":77,"column":47},"end":{"line":88,"column":3}},"line":77},"4":{"name":"(anonymous_4)","decl":{"start":{"line":90,"column":21},"end":{"line":90,"column":22}},"loc":{"start":{"line":90,"column":27},"end":{"line":115,"column":3}},"line":90},"5":{"name":"(anonymous_5)","decl":{"start":{"line":114,"column":18},"end":{"line":114,"column":19}},"loc":{"start":{"line":114,"column":32},"end":{"line":114,"column":44}},"line":114},"6":{"name":"(anonymous_6)","decl":{"start":{"line":117,"column":21},"end":{"line":117,"column":22}},"loc":{"start":{"line":117,"column":27},"end":{"line":120,"column":3}},"line":117},"7":{"name":"(anonymous_7)","decl":{"start":{"line":119,"column":18},"end":{"line":119,"column":19}},"loc":{"start":{"line":119,"column":32},"end":{"line":119,"column":44}},"line":119},"8":{"name":"(anonymous_8)","decl":{"start":{"line":122,"column":23},"end":{"line":122,"column":24}},"loc":{"start":{"line":122,"column":29},"end":{"line":140,"column":3}},"line":122},"9":{"name":"(anonymous_9)","decl":{"start":{"line":142,"column":28},"end":{"line":142,"column":29}},"loc":{"start":{"line":142,"column":34},"end":{"line":360,"column":3}},"line":142},"10":{"name":"(anonymous_10)","decl":{"start":{"line":237,"column":24},"end":{"line":237,"column":25}},"loc":{"start":{"line":237,"column":31},"end":{"line":237,"column":60}},"line":237},"11":{"name":"(anonymous_11)","decl":{"start":{"line":247,"column":26},"end":{"line":247,"column":27}},"loc":{"start":{"line":247,"column":33},"end":{"line":247,"column":67}},"line":247},"12":{"name":"(anonymous_12)","decl":{"start":{"line":382,"column":23},"end":{"line":382,"column":24}},"loc":{"start":{"line":383,"column":14},"end":{"line":385,"column":21}},"line":383}},"branchMap":{"0":{"loc":{"start":{"line":35,"column":2},"end":{"line":35,"column":17}},"type":"default-arg","locations":[{"start":{"line":35,"column":12},"end":{"line":35,"column":17}}],"line":35},"1":{"loc":{"start":{"line":46,"column":4},"end":{"line":55,"column":5}},"type":"if","locations":[{"start":{"line":46,"column":4},"end":{"line":55,"column":5}},{"start":{},"end":{}}],"line":46},"2":{"loc":{"start":{"line":63,"column":4},"end":{"line":74,"column":5}},"type":"if","locations":[{"start":{"line":63,"column":4},"end":{"line":74,"column":5}},{"start":{"line":72,"column":11},"end":{"line":74,"column":5}}],"line":63},"3":{"loc":{"start":{"line":67,"column":22},"end":{"line":67,"column":47}},"type":"binary-expr","locations":[{"start":{"line":67,"column":22},"end":{"line":67,"column":41}},{"start":{"line":67,"column":45},"end":{"line":67,"column":47}}],"line":67},"4":{"loc":{"start":{"line":83,"column":20},"end":{"line":83,"column":62}},"type":"binary-expr","locations":[{"start":{"line":83,"column":20},"end":{"line":83,"column":45}},{"start":{"line":83,"column":49},"end":{"line":83,"column":62}}],"line":83},"5":{"loc":{"start":{"line":91,"column":4},"end":{"line":111,"column":5}},"type":"if","locations":[{"start":{"line":91,"column":4},"end":{"line":111,"column":5}},{"start":{"line":101,"column":11},"end":{"line":111,"column":5}}],"line":91},"6":{"loc":{"start":{"line":93,"column":6},"end":{"line":96,"column":7}},"type":"if","locations":[{"start":{"line":93,"column":6},"end":{"line":96,"column":7}},{"start":{},"end":{}}],"line":93},"7":{"loc":{"start":{"line":97,"column":6},"end":{"line":100,"column":7}},"type":"if","locations":[{"start":{"line":97,"column":6},"end":{"line":100,"column":7}},{"start":{},"end":{}}],"line":97},"8":{"loc":{"start":{"line":101,"column":11},"end":{"line":111,"column":5}},"type":"if","locations":[{"start":{"line":101,"column":11},"end":{"line":111,"column":5}},{"start":{},"end":{}}],"line":101},"9":{"loc":{"start":{"line":103,"column":6},"end":{"line":106,"column":7}},"type":"if","locations":[{"start":{"line":103,"column":6},"end":{"line":106,"column":7}},{"start":{},"end":{}}],"line":103},"10":{"loc":{"start":{"line":107,"column":6},"end":{"line":110,"column":7}},"type":"if","locations":[{"start":{"line":107,"column":6},"end":{"line":110,"column":7}},{"start":{},"end":{}}],"line":107},"11":{"loc":{"start":{"line":123,"column":4},"end":{"line":126,"column":5}},"type":"if","locations":[{"start":{"line":123,"column":4},"end":{"line":126,"column":5}},{"start":{},"end":{}}],"line":123},"12":{"loc":{"start":{"line":123,"column":8},"end":{"line":123,"column":41}},"type":"binary-expr","locations":[{"start":{"line":123,"column":8},"end":{"line":123,"column":19}},{"start":{"line":123,"column":23},"end":{"line":123,"column":41}}],"line":123},"13":{"loc":{"start":{"line":143,"column":4},"end":{"line":359,"column":5}},"type":"switch","locations":[{"start":{"line":144,"column":6},"end":{"line":224,"column":10}},{"start":{"line":226,"column":6},"end":{"line":295,"column":10}},{"start":{"line":297,"column":6},"end":{"line":355,"column":10}},{"start":{"line":357,"column":6},"end":{"line":358,"column":20}}],"line":143},"14":{"loc":{"start":{"line":176,"column":13},"end":{"line":222,"column":13}},"type":"binary-expr","locations":[{"start":{"line":176,"column":13},"end":{"line":176,"column":23}},{"start":{"line":177,"column":14},"end":{"line":221,"column":21}}],"line":176},"15":{"loc":{"start":{"line":193,"column":31},"end":{"line":193,"column":91}},"type":"cond-expr","locations":[{"start":{"line":193,"column":68},"end":{"line":193,"column":77}},{"start":{"line":193,"column":80},"end":{"line":193,"column":91}}],"line":193},"16":{"loc":{"start":{"line":288,"column":15},"end":{"line":292,"column":15}},"type":"cond-expr","locations":[{"start":{"line":289,"column":16},"end":{"line":289,"column":100}},{"start":{"line":291,"column":16},"end":{"line":291,"column":106}}],"line":288},"17":{"loc":{"start":{"line":320,"column":29},"end":{"line":320,"column":84}},"type":"cond-expr","locations":[{"start":{"line":320,"column":61},"end":{"line":320,"column":70}},{"start":{"line":320,"column":73},"end":{"line":320,"column":84}}],"line":320},"18":{"loc":{"start":{"line":330,"column":29},"end":{"line":330,"column":90}},"type":"cond-expr","locations":[{"start":{"line":330,"column":67},"end":{"line":330,"column":76}},{"start":{"line":330,"column":79},"end":{"line":330,"column":90}}],"line":330},"19":{"loc":{"start":{"line":391,"column":11},"end":{"line":395,"column":11}},"type":"binary-expr","locations":[{"start":{"line":391,"column":12},"end":{"line":391,"column":17}},{"start":{"line":391,"column":21},"end":{"line":391,"column":36}},{"start":{"line":392,"column":12},"end":{"line":394,"column":20}}],"line":391},"20":{"loc":{"start":{"line":393,"column":15},"end":{"line":393,"column":39}},"type":"binary-expr","locations":[{"start":{"line":393,"column":15},"end":{"line":393,"column":30}},{"start":{"line":393,"column":34},"end":{"line":393,"column":39}}],"line":393},"21":{"loc":{"start":{"line":404,"column":9},"end":{"line":408,"column":9}},"type":"binary-expr","locations":[{"start":{"line":404,"column":9},"end":{"line":404,"column":23}},{"start":{"line":405,"column":10},"end":{"line":407,"column":19}}],"line":404},"22":{"loc":{"start":{"line":410,"column":9},"end":{"line":427,"column":9}},"type":"cond-expr","locations":[{"start":{"line":411,"column":10},"end":{"line":417,"column":19}},{"start":{"line":419,"column":10},"end":{"line":426,"column":19}}],"line":410},"23":{"loc":{"start":{"line":414,"column":22},"end":{"line":414,"column":66}},"type":"binary-expr","locations":[{"start":{"line":414,"column":22},"end":{"line":414,"column":29}},{"start":{"line":414,"column":34},"end":{"line":414,"column":50}},{"start":{"line":414,"column":54},"end":{"line":414,"column":65}}],"line":414},"24":{"loc":{"start":{"line":422,"column":22},"end":{"line":422,"column":66}},"type":"binary-expr","locations":[{"start":{"line":422,"column":22},"end":{"line":422,"column":29}},{"start":{"line":422,"column":33},"end":{"line":422,"column":44}},{"start":{"line":422,"column":48},"end":{"line":422,"column":66}}],"line":422},"25":{"loc":{"start":{"line":423,"column":23},"end":{"line":423,"column":64}},"type":"binary-expr","locations":[{"start":{"line":423,"column":23},"end":{"line":423,"column":30}},{"start":{"line":423,"column":34},"end":{"line":423,"column":64}}],"line":423},"26":{"loc":{"start":{"line":425,"column":13},"end":{"line":425,"column":55}},"type":"cond-expr","locations":[{"start":{"line":425,"column":23},"end":{"line":425,"column":37}},{"start":{"line":425,"column":40},"end":{"line":425,"column":55}}],"line":425}},"s":{"0":0,"1":0,"2":0,"3":0,"4":0,"5":0,"6":0,"7":0,"8":0,"9":0,"10":0,"11":0,"12":0,"13":0,"14":0,"15":0,"16":0,"17":0,"18":0,"19":0,"20":0,"21":0,"22":0,"23":0,"24":0,"25":0,"26":0,"27":0,"28":0,"29":0,"30":0,"31":0,"32":0,"33":0,"34":0,"35":0,"36":0,"37":0,"38":0,"39":0,"40":0,"41":0,"42":0,"43":0,"44":0,"45":0,"46":0,"47":0,"48":0,"49":0,"50":0,"51":0,"52":0,"53":0,"54":0,"55":0,"56":0,"57":0,"58":0,"59":0,"60":0,"61":0,"62":0,"63":0,"64":0,"65":0,"66":0,"67":0,"68":0,"69":0,"70":0,"71":0,"72":0,"73":0,"74":0,"75":0},"f":{"0":0,"1":0,"2":0,"3":0,"4":0,"5":0,"6":0,"7":0,"8":0,"9":0,"10":0,"11":0,"12":0},"b":{"0":[0],"1":[0,0],"2":[0,0],"3":[0,0],"4":[0,0],"5":[0,0],"6":[0,0],"7":[0,0],"8":[0,0],"9":[0,0],"10":[0,0],"11":[0,0],"12":[0,0],"13":[0,0,0,0],"14":[0,0],"15":[0,0],"16":[0,0],"17":[0,0],"18":[0,0],"19":[0,0,0],"20":[0,0],"21":[0,0],"22":[0,0],"23":[0,0,0],"24":[0,0,0],"25":[0,0],"26":[0,0]}}
,"/Users/beast/xrp_wallet_manager/src/components/MasterPasswordDialog.js": {"path":"/Users/beast/xrp_wallet_manager/src/components/MasterPasswordDialog.js","statementMap":{"0":{"start":{"line":20,"column":17},"end":{"line":20,"column":19}},"1":{"start":{"line":22,"column":2},"end":{"line":24,"column":3}},"2":{"start":{"line":23,"column":4},"end":{"line":23,"column":64}},"3":{"start":{"line":26,"column":2},"end":{"line":28,"column":3}},"4":{"start":{"line":27,"column":4},"end":{"line":27,"column":71}},"5":{"start":{"line":30,"column":2},"end":{"line":32,"column":3}},"6":{"start":{"line":31,"column":4},"end":{"line":31,"column":71}},"7":{"start":{"line":34,"column":2},"end":{"line":36,"column":3}},"8":{"start":{"line":35,"column":4},"end":{"line":35,"column":61}},"9":{"start":{"line":38,"column":2},"end":{"line":40,"column":3}},"10":{"start":{"line":39,"column":4},"end":{"line":39,"column":72}},"11":{"start":{"line":42,"column":2},"end":{"line":45,"column":4}},"12":{"start":{"line":49,"column":14},"end":{"line":49,"column":15}},"13":{"start":{"line":52,"column":2},"end":{"line":52,"column":39}},"14":{"start":{"line":52,"column":28},"end":{"line":52,"column":39}},"15":{"start":{"line":53,"column":2},"end":{"line":53,"column":40}},"16":{"start":{"line":53,"column":29},"end":{"line":53,"column":40}},"17":{"start":{"line":54,"column":2},"end":{"line":54,"column":40}},"18":{"start":{"line":54,"column":29},"end":{"line":54,"column":40}},"19":{"start":{"line":57,"column":2},"end":{"line":57,"column":41}},"20":{"start":{"line":57,"column":30},"end":{"line":57,"column":41}},"21":{"start":{"line":58,"column":2},"end":{"line":58,"column":41}},"22":{"start":{"line":58,"column":30},"end":{"line":58,"column":41}},"23":{"start":{"line":59,"column":2},"end":{"line":59,"column":41}},"24":{"start":{"line":59,"column":30},"end":{"line":59,"column":41}},"25":{"start":{"line":60,"column":2},"end":{"line":60,"column":48}},"26":{"start":{"line":60,"column":37},"end":{"line":60,"column":48}},"27":{"start":{"line":63,"column":2},"end":{"line":63,"column":46}},"28":{"start":{"line":63,"column":35},"end":{"line":63,"column":46}},"29":{"start":{"line":64,"column":2},"end":{"line":64,"column":57}},"30":{"start":{"line":64,"column":46},"end":{"line":64,"column":57}},"31":{"start":{"line":66,"column":2},"end":{"line":66,"column":28}},"32":{"start":{"line":70,"column":2},"end":{"line":83,"column":3}},"33":{"start":{"line":73,"column":6},"end":{"line":73,"column":21}},"34":{"start":{"line":75,"column":6},"end":{"line":75,"column":23}},"35":{"start":{"line":77,"column":6},"end":{"line":77,"column":20}},"36":{"start":{"line":80,"column":6},"end":{"line":80,"column":23}},"37":{"start":{"line":82,"column":6},"end":{"line":82,"column":21}},"38":{"start":{"line":87,"column":2},"end":{"line":101,"column":3}},"39":{"start":{"line":90,"column":6},"end":{"line":90,"column":25}},"40":{"start":{"line":92,"column":6},"end":{"line":92,"column":20}},"41":{"start":{"line":94,"column":6},"end":{"line":94,"column":20}},"42":{"start":{"line":96,"column":6},"end":{"line":96,"column":22}},"43":{"start":{"line":98,"column":6},"end":{"line":98,"column":27}},"44":{"start":{"line":100,"column":6},"end":{"line":100,"column":25}},"45":{"start":{"line":112,"column":34},"end":{"line":112,"column":46}},"46":{"start":{"line":113,"column":48},"end":{"line":113,"column":60}},"47":{"start":{"line":114,"column":42},"end":{"line":114,"column":57}},"48":{"start":{"line":115,"column":56},"end":{"line":115,"column":71}},"49":{"start":{"line":116,"column":48},"end":{"line":116,"column":60}},"50":{"start":{"line":118,"column":23},"end":{"line":118,"column":40}},"51":{"start":{"line":119,"column":27},"end":{"line":119,"column":62}},"52":{"start":{"line":121,"column":2},"end":{"line":127,"column":13}},"53":{"start":{"line":122,"column":4},"end":{"line":126,"column":5}},"54":{"start":{"line":123,"column":6},"end":{"line":123,"column":22}},"55":{"start":{"line":124,"column":6},"end":{"line":124,"column":29}},"56":{"start":{"line":125,"column":6},"end":{"line":125,"column":29}},"57":{"start":{"line":129,"column":23},"end":{"line":153,"column":3}},"58":{"start":{"line":130,"column":4},"end":{"line":130,"column":27}},"59":{"start":{"line":132,"column":4},"end":{"line":135,"column":5}},"60":{"start":{"line":133,"column":6},"end":{"line":133,"column":49}},"61":{"start":{"line":134,"column":6},"end":{"line":134,"column":13}},"62":{"start":{"line":137,"column":4},"end":{"line":150,"column":5}},"63":{"start":{"line":139,"column":25},"end":{"line":139,"column":51}},"64":{"start":{"line":140,"column":6},"end":{"line":143,"column":7}},"65":{"start":{"line":141,"column":8},"end":{"line":141,"column":49}},"66":{"start":{"line":142,"column":8},"end":{"line":142,"column":15}},"67":{"start":{"line":146,"column":6},"end":{"line":149,"column":7}},"68":{"start":{"line":147,"column":8},"end":{"line":147,"column":53}},"69":{"start":{"line":148,"column":8},"end":{"line":148,"column":15}},"70":{"start":{"line":152,"column":4},"end":{"line":152,"column":23}},"71":{"start":{"line":155,"column":25},"end":{"line":159,"column":3}},"72":{"start":{"line":156,"column":4},"end":{"line":158,"column":5}},"73":{"start":{"line":157,"column":6},"end":{"line":157,"column":21}},"74":{"start":{"line":161,"column":2},"end":{"line":292,"column":4}},"75":{"start":{"line":197,"column":29},"end":{"line":197,"column":56}},"76":{"start":{"line":205,"column":35},"end":{"line":205,"column":65}},"77":{"start":{"line":240,"column":31},"end":{"line":240,"column":65}},"78":{"start":{"line":248,"column":37},"end":{"line":248,"column":81}}},"fnMap":{"0":{"name":"validatePassword","decl":{"start":{"line":19,"column":9},"end":{"line":19,"column":25}},"loc":{"start":{"line":19,"column":36},"end":{"line":46,"column":1}},"line":19},"1":{"name":"calculatePasswordStrength","decl":{"start":{"line":48,"column":9},"end":{"line":48,"column":34}},"loc":{"start":{"line":48,"column":45},"end":{"line":67,"column":1}},"line":48},"2":{"name":"getStrengthColor","decl":{"start":{"line":69,"column":9},"end":{"line":69,"column":25}},"loc":{"start":{"line":69,"column":36},"end":{"line":84,"column":1}},"line":69},"3":{"name":"getStrengthText","decl":{"start":{"line":86,"column":9},"end":{"line":86,"column":24}},"loc":{"start":{"line":86,"column":35},"end":{"line":102,"column":1}},"line":86},"4":{"name":"MasterPasswordDialog","decl":{"start":{"line":104,"column":24},"end":{"line":104,"column":44}},"loc":{"start":{"line":111,"column":3},"end":{"line":293,"column":1}},"line":111},"5":{"name":"(anonymous_5)","decl":{"start":{"line":121,"column":12},"end":{"line":121,"column":13}},"loc":{"start":{"line":121,"column":18},"end":{"line":127,"column":3}},"line":121},"6":{"name":"(anonymous_6)","decl":{"start":{"line":129,"column":23},"end":{"line":129,"column":24}},"loc":{"start":{"line":129,"column":29},"end":{"line":153,"column":3}},"line":129},"7":{"name":"(anonymous_7)","decl":{"start":{"line":155,"column":25},"end":{"line":155,"column":26}},"loc":{"start":{"line":155,"column":36},"end":{"line":159,"column":3}},"line":155},"8":{"name":"(anonymous_8)","decl":{"start":{"line":197,"column":22},"end":{"line":197,"column":23}},"loc":{"start":{"line":197,"column":29},"end":{"line":197,"column":56}},"line":197},"9":{"name":"(anonymous_9)","decl":{"start":{"line":205,"column":29},"end":{"line":205,"column":30}},"loc":{"start":{"line":205,"column":35},"end":{"line":205,"column":65}},"line":205},"10":{"name":"(anonymous_10)","decl":{"start":{"line":240,"column":24},"end":{"line":240,"column":25}},"loc":{"start":{"line":240,"column":31},"end":{"line":240,"column":65}},"line":240},"11":{"name":"(anonymous_11)","decl":{"start":{"line":248,"column":31},"end":{"line":248,"column":32}},"loc":{"start":{"line":248,"column":37},"end":{"line":248,"column":81}},"line":248}},"branchMap":{"0":{"loc":{"start":{"line":22,"column":2},"end":{"line":24,"column":3}},"type":"if","locations":[{"start":{"line":22,"column":2},"end":{"line":24,"column":3}},{"start":{},"end":{}}],"line":22},"1":{"loc":{"start":{"line":26,"column":2},"end":{"line":28,"column":3}},"type":"if","locations":[{"start":{"line":26,"column":2},"end":{"line":28,"column":3}},{"start":{},"end":{}}],"line":26},"2":{"loc":{"start":{"line":30,"column":2},"end":{"line":32,"column":3}},"type":"if","locations":[{"start":{"line":30,"column":2},"end":{"line":32,"column":3}},{"start":{},"end":{}}],"line":30},"3":{"loc":{"start":{"line":34,"column":2},"end":{"line":36,"column":3}},"type":"if","locations":[{"start":{"line":34,"column":2},"end":{"line":36,"column":3}},{"start":{},"end":{}}],"line":34},"4":{"loc":{"start":{"line":38,"column":2},"end":{"line":40,"column":3}},"type":"if","locations":[{"start":{"line":38,"column":2},"end":{"line":40,"column":3}},{"start":{},"end":{}}],"line":38},"5":{"loc":{"start":{"line":52,"column":2},"end":{"line":52,"column":39}},"type":"if","locations":[{"start":{"line":52,"column":2},"end":{"line":52,"column":39}},{"start":{},"end":{}}],"line":52},"6":{"loc":{"start":{"line":53,"column":2},"end":{"line":53,"column":40}},"type":"if","locations":[{"start":{"line":53,"column":2},"end":{"line":53,"column":40}},{"start":{},"end":{}}],"line":53},"7":{"loc":{"start":{"line":54,"column":2},"end":{"line":54,"column":40}},"type":"if","locations":[{"start":{"line":54,"column":2},"end":{"line":54,"column":40}},{"start":{},"end":{}}],"line":54},"8":{"loc":{"start":{"line":57,"column":2},"end":{"line":57,"column":41}},"type":"if","locations":[{"start":{"line":57,"column":2},"end":{"line":57,"column":41}},{"start":{},"end":{}}],"line":57},"9":{"loc":{"start":{"line":58,"column":2},"end":{"line":58,"column":41}},"type":"if","locations":[{"start":{"line":58,"column":2},"end":{"line":58,"column":41}},{"start":{},"end":{}}],"line":58},"10":{"loc":{"start":{"line":59,"column":2},"end":{"line":59,"column":41}},"type":"if","locations":[{"start":{"line":59,"column":2},"end":{"line":59,"column":41}},{"start":{},"end":{}}],"line":59},"11":{"loc":{"start":{"line":60,"column":2},"end":{"line":60,"column":48}},"type":"if","locations":[{"start":{"line":60,"column":2},"end":{"line":60,"column":48}},{"start":{},"end":{}}],"line":60},"12":{"loc":{"start":{"line":63,"column":2},"end":{"line":63,"column":46}},"type":"if","locations":[{"start":{"line":63,"column":2},"end":{"line":63,"column":46}},{"start":{},"end":{}}],"line":63},"13":{"loc":{"start":{"line":64,"column":2},"end":{"line":64,"column":57}},"type":"if","locations":[{"start":{"line":64,"column":2},"end":{"line":64,"column":57}},{"start":{},"end":{}}],"line":64},"14":{"loc":{"start":{"line":70,"column":2},"end":{"line":83,"column":3}},"type":"switch","locations":[{"start":{"line":71,"column":4},"end":{"line":71,"column":11}},{"start":{"line":72,"column":4},"end":{"line":73,"column":21}},{"start":{"line":74,"column":4},"end":{"line":75,"column":23}},{"start":{"line":76,"column":4},"end":{"line":77,"column":20}},{"start":{"line":78,"column":4},"end":{"line":78,"column":11}},{"start":{"line":79,"column":4},"end":{"line":80,"column":23}},{"start":{"line":81,"column":4},"end":{"line":82,"column":21}}],"line":70},"15":{"loc":{"start":{"line":87,"column":2},"end":{"line":101,"column":3}},"type":"switch","locations":[{"start":{"line":88,"column":4},"end":{"line":88,"column":11}},{"start":{"line":89,"column":4},"end":{"line":90,"column":25}},{"start":{"line":91,"column":4},"end":{"line":92,"column":20}},{"start":{"line":93,"column":4},"end":{"line":94,"column":20}},{"start":{"line":95,"column":4},"end":{"line":96,"column":22}},{"start":{"line":97,"column":4},"end":{"line":98,"column":27}},{"start":{"line":99,"column":4},"end":{"line":100,"column":25}}],"line":87},"16":{"loc":{"start":{"line":108,"column":2},"end":{"line":108,"column":17}},"type":"default-arg","locations":[{"start":{"line":108,"column":9},"end":{"line":108,"column":17}}],"line":108},"17":{"loc":{"start":{"line":109,"column":2},"end":{"line":109,"column":17}},"type":"default-arg","locations":[{"start":{"line":109,"column":12},"end":{"line":109,"column":17}}],"line":109},"18":{"loc":{"start":{"line":110,"column":2},"end":{"line":110,"column":12}},"type":"default-arg","locations":[{"start":{"line":110,"column":10},"end":{"line":110,"column":12}}],"line":110},"19":{"loc":{"start":{"line":122,"column":4},"end":{"line":126,"column":5}},"type":"if","locations":[{"start":{"line":122,"column":4},"end":{"line":126,"column":5}},{"start":{},"end":{}}],"line":122},"20":{"loc":{"start":{"line":132,"column":4},"end":{"line":135,"column":5}},"type":"if","locations":[{"start":{"line":132,"column":4},"end":{"line":135,"column":5}},{"start":{},"end":{}}],"line":132},"21":{"loc":{"start":{"line":137,"column":4},"end":{"line":150,"column":5}},"type":"if","locations":[{"start":{"line":137,"column":4},"end":{"line":150,"column":5}},{"start":{},"end":{}}],"line":137},"22":{"loc":{"start":{"line":140,"column":6},"end":{"line":143,"column":7}},"type":"if","locations":[{"start":{"line":140,"column":6},"end":{"line":143,"column":7}},{"start":{},"end":{}}],"line":140},"23":{"loc":{"start":{"line":146,"column":6},"end":{"line":149,"column":7}},"type":"if","locations":[{"start":{"line":146,"column":6},"end":{"line":149,"column":7}},{"start":{},"end":{}}],"line":146},"24":{"loc":{"start":{"line":156,"column":4},"end":{"line":158,"column":5}},"type":"if","locations":[{"start":{"line":156,"column":4},"end":{"line":158,"column":5}},{"start":{},"end":{}}],"line":156},"25":{"loc":{"start":{"line":173,"column":13},"end":{"line":173,"column":70}},"type":"cond-expr","locations":[{"start":{"line":173,"column":28},"end":{"line":173,"column":52}},{"start":{"line":173,"column":55},"end":{"line":173,"column":70}}],"line":173},"26":{"loc":{"start":{"line":180,"column":11},"end":{"line":189,"column":11}},"type":"cond-expr","locations":[{"start":{"line":181,"column":12},"end":{"line":184,"column":25}},{"start":{"line":186,"column":12},"end":{"line":188,"column":25}}],"line":180},"27":{"loc":{"start":{"line":195,"column":18},"end":{"line":195,"column":52}},"type":"cond-expr","locations":[{"start":{"line":195,"column":33},"end":{"line":195,"column":39}},{"start":{"line":195,"column":42},"end":{"line":195,"column":52}}],"line":195},"28":{"loc":{"start":{"line":208,"column":21},"end":{"line":208,"column":70}},"type":"cond-expr","locations":[{"start":{"line":208,"column":36},"end":{"line":208,"column":53}},{"start":{"line":208,"column":56},"end":{"line":208,"column":70}}],"line":208},"29":{"loc":{"start":{"line":215,"column":11},"end":{"line":232,"column":11}},"type":"binary-expr","locations":[{"start":{"line":215,"column":11},"end":{"line":215,"column":23}},{"start":{"line":215,"column":27},"end":{"line":215,"column":35}},{"start":{"line":216,"column":12},"end":{"line":231,"column":18}}],"line":215},"30":{"loc":{"start":{"line":234,"column":11},"end":{"line":257,"column":11}},"type":"binary-expr","locations":[{"start":{"line":234,"column":11},"end":{"line":234,"column":23}},{"start":{"line":235,"column":12},"end":{"line":256,"column":14}}],"line":234},"31":{"loc":{"start":{"line":238,"column":20},"end":{"line":238,"column":61}},"type":"cond-expr","locations":[{"start":{"line":238,"column":42},"end":{"line":238,"column":48}},{"start":{"line":238,"column":51},"end":{"line":238,"column":61}}],"line":238},"32":{"loc":{"start":{"line":251,"column":23},"end":{"line":251,"column":79}},"type":"cond-expr","locations":[{"start":{"line":251,"column":45},"end":{"line":251,"column":62}},{"start":{"line":251,"column":65},"end":{"line":251,"column":79}}],"line":251},"33":{"loc":{"start":{"line":259,"column":11},"end":{"line":263,"column":11}},"type":"binary-expr","locations":[{"start":{"line":259,"column":12},"end":{"line":259,"column":17}},{"start":{"line":259,"column":21},"end":{"line":259,"column":36}},{"start":{"line":260,"column":12},"end":{"line":262,"column":20}}],"line":259},"34":{"loc":{"start":{"line":261,"column":15},"end":{"line":261,"column":39}},"type":"binary-expr","locations":[{"start":{"line":261,"column":15},"end":{"line":261,"column":30}},{"start":{"line":261,"column":34},"end":{"line":261,"column":39}}],"line":261},"35":{"loc":{"start":{"line":265,"column":11},"end":{"line":272,"column":11}},"type":"binary-expr","locations":[{"start":{"line":265,"column":11},"end":{"line":265,"column":23}},{"start":{"line":266,"column":12},"end":{"line":271,"column":20}}],"line":265},"36":{"loc":{"start":{"line":277,"column":9},"end":{"line":281,"column":9}},"type":"binary-expr","locations":[{"start":{"line":277,"column":9},"end":{"line":277,"column":21}},{"start":{"line":278,"column":10},"end":{"line":280,"column":19}}],"line":277},"37":{"loc":{"start":{"line":285,"column":20},"end":{"line":285,"column":78}},"type":"binary-expr","locations":[{"start":{"line":285,"column":20},"end":{"line":285,"column":27}},{"start":{"line":285,"column":31},"end":{"line":285,"column":40}},{"start":{"line":285,"column":45},"end":{"line":285,"column":57}},{"start":{"line":285,"column":61},"end":{"line":285,"column":77}}],"line":285},"38":{"loc":{"start":{"line":286,"column":21},"end":{"line":286,"column":62}},"type":"binary-expr","locations":[{"start":{"line":286,"column":21},"end":{"line":286,"column":28}},{"start":{"line":286,"column":32},"end":{"line":286,"column":62}}],"line":286},"39":{"loc":{"start":{"line":288,"column":11},"end":{"line":288,"column":84}},"type":"cond-expr","locations":[{"start":{"line":288,"column":21},"end":{"line":288,"column":36}},{"start":{"line":288,"column":40},"end":{"line":288,"column":83}}],"line":288},"40":{"loc":{"start":{"line":288,"column":40},"end":{"line":288,"column":83}},"type":"cond-expr","locations":[{"start":{"line":288,"column":55},"end":{"line":288,"column":72}},{"start":{"line":288,"column":75},"end":{"line":288,"column":83}}],"line":288}},"s":{"0":0,"1":0,"2":0,"3":0,"4":0,"5":0,"6":0,"7":0,"8":0,"9":0,"10":0,"11":0,"12":0,"13":0,"14":0,"15":0,"16":0,"17":0,"18":0,"19":0,"20":0,"21":0,"22":0,"23":0,"24":0,"25":0,"26":0,"27":0,"28":0,"29":0,"30":0,"31":0,"32":0,"33":0,"34":0,"35":0,"36":0,"37":0,"38":0,"39":0,"40":0,"41":0,"42":0,"43":0,"44":0,"45":0,"46":0,"47":0,"48":0,"49":0,"50":0,"51":0,"52":0,"53":0,"54":0,"55":0,"56":0,"57":0,"58":0,"59":0,"60":0,"61":0,"62":0,"63":0,"64":0,"65":0,"66":0,"67":0,"68":0,"69":0,"70":0,"71":0,"72":0,"73":0,"74":0,"75":0,"76":0,"77":0,"78":0},"f":{"0":0,"1":0,"2":0,"3":0,"4":0,"5":0,"6":0,"7":0,"8":0,"9":0,"10":0,"11":0},"b":{"0":[0,0],"1":[0,0],"2":[0,0],"3":[0,0],"4":[0,0],"5":[0,0],"6":[0,0],"7":[0,0],"8":[0,0],"9":[0,0],"10":[0,0],"11":[0,0],"12":[0,0],"13":[0,0],"14":[0,0,0,0,0,0,0],"15":[0,0,0,0,0,0,0],"16":[0],"17":[0],"18":[0],"19":[0,0],"20":[0,0],"21":[0,0],"22":[0,0],"23":[0,0],"24":[0,0],"25":[0,0],"26":[0,0],"27":[0,0],"28":[0,0],"29":[0,0,0],"30":[0,0],"31":[0,0],"32":[0,0],"33":[0,0,0],"34":[0,0],"35":[0,0],"36":[0,0],"37":[0,0,0,0],"38":[0,0],"39":[0,0],"40":[0,0]}}
[...]
,"/Users/beast/xrp_wallet_manager/src/utils/xrplWallet.js": {"path":"/Users/beast/xrp_wallet_manager/src/utils/xrplWallet.js","statementMap":{"0":{"start":{"line":9,"column":17},"end":{"line":13,"column":1}},"1":{"start":{"line":20,"column":2},"end":{"line":22,"column":3}},"2":{"start":{"line":21,"column":4},"end":{"line":21,"column":21}},"3":{"start":{"line":25,"column":2},"end":{"line":27,"column":3}},"4":{"start":{"line":26,"column":4},"end":{"line":26,"column":23}},"5":{"start":{"line":30,"column":2},"end":{"line":32,"column":3}},"6":{"start":{"line":31,"column":4},"end":{"line":31,"column":23}},"7":{"start":{"line":35,"column":16},"end":{"line":35,"column":42}},"8":{"start":{"line":36,"column":2},"end":{"line":38,"column":3}},"9":{"start":{"line":37,"column":4},"end":{"line":37,"column":23}},"10":{"start":{"line":40,"column":2},"end":{"line":40,"column":48}},"11":{"start":{"line":48,"column":2},"end":{"line":50,"column":3}},"12":{"start":{"line":49,"column":4},"end":{"line":49,"column":18}},"13":{"start":{"line":53,"column":2},"end":{"line":55,"column":3}},"14":{"start":{"line":54,"column":4},"end":{"line":54,"column":25}},"15":{"start":{"line":58,"column":2},"end":{"line":60,"column":3}},"16":{"start":{"line":59,"column":4},"end":{"line":59,"column":18}},"17":{"start":{"line":63,"column":16},"end":{"line":63,"column":42}},"18":{"start":{"line":64,"column":2},"end":{"line":66,"column":3}},"19":{"start":{"line":65,"column":4},"end":{"line":65,"column":22}},"20":{"start":{"line":68,"column":2},"end":{"line":68,"column":48}},"21":{"start":{"line":76,"column":2},"end":{"line":107,"column":3}},"22":{"start":{"line":77,"column":24},"end":{"line":77,"column":37}},"23":{"start":{"line":80,"column":22},"end":{"line":80,"column":50}},"24":{"start":{"line":81,"column":23},"end":{"line":81,"column":52}},"25":{"start":{"line":85,"column":4},"end":{"line":91,"column":5}},"26":{"start":{"line":87,"column":6},"end":{"line":87,"column":48}},"27":{"start":{"line":90,"column":6},"end":{"line":90,"column":44}},"28":{"start":{"line":94,"column":26},"end":{"line":94,"column":50}},"29":{"start":{"line":95,"column":27},"end":{"line":95,"column":52}},"30":{"start":{"line":97,"column":4},"end":{"line":104,"column":6}},"31":{"start":{"line":106,"column":4},"end":{"line":106,"column":63}},"32":{"start":{"line":114,"column":2},"end":{"line":138,"column":3}},"33":{"start":{"line":115,"column":19},"end":{"line":115,"column":42}},"34":{"start":{"line":116,"column":4},"end":{"line":116,"column":27}},"35":{"start":{"line":119,"column":23},"end":{"line":119,"column":48}},"36":{"start":{"line":121,"column":4},"end":{"line":121,"column":30}},"37":{"start":{"line":123,"column":26},"end":{"line":123,"column":50}},"38":{"start":{"line":124,"column":27},"end":{"line":124,"column":56}},"39":{"start":{"line":126,"column":4},"end":{"line":135,"column":6}},"40":{"start":{"line":137,"column":4},"end":{"line":137,"column":72}},"41":{"start":{"line":145,"column":17},"end":{"line":145,"column":34}},"42":{"start":{"line":146,"column":2},"end":{"line":148,"column":3}},"43":{"start":{"line":147,"column":4},"end":{"line":147,"column":51}},"44":{"start":{"line":150,"column":2},"end":{"line":150,"column":28}},"45":{"start":{"line":157,"column":2},"end":{"line":186,"column":3}},"46":{"start":{"line":158,"column":24},"end":{"line":162,"column":6}},"47":{"start":{"line":164,"column":4},"end":{"line":170,"column":6}},"48":{"start":{"line":172,"column":4},"end":{"line":181,"column":5}},"49":{"start":{"line":173,"column":6},"end":{"line":180,"column":8}},"50":{"start":{"line":182,"column":4},"end":{"line":185,"column":6}},"51":{"start":{"line":193,"column":2},"end":{"line":226,"column":3}},"52":{"start":{"line":194,"column":21},"end":{"line":200,"column":6}},"53":{"start":{"line":202,"column":25},"end":{"line":215,"column":7}},"54":{"start":{"line":202,"column":65},"end":{"line":215,"column":5}},"55":{"start":{"line":217,"column":4},"end":{"line":220,"column":6}},"56":{"start":{"line":222,"column":4},"end":{"line":225,"column":6}},"57":{"start":{"line":233,"column":2},"end":{"line":258,"column":3}},"58":{"start":{"line":234,"column":20},"end":{"line":239,"column":5}},"59":{"start":{"line":241,"column":4},"end":{"line":243,"column":5}},"60":{"start":{"line":242,"column":6},"end":{"line":242,"column":56}},"61":{"start":{"line":245,"column":21},"end":{"line":245,"column":51}},"62":{"start":{"line":247,"column":4},"end":{"line":252,"column":6}},"63":{"start":{"line":254,"column":4},"end":{"line":257,"column":6}},"64":{"start":{"line":265,"column":2},"end":{"line":281,"column":3}},"65":{"start":{"line":266,"column":19},"end":{"line":266,"column":43}},"66":{"start":{"line":267,"column":19},"end":{"line":267,"column":61}},"67":{"start":{"line":269,"column":4},"end":{"line":275,"column":6}},"68":{"start":{"line":277,"column":4},"end":{"line":280,"column":6}},"69":{"start":{"line":288,"column":2},"end":{"line":290,"column":3}},"70":{"start":{"line":289,"column":4},"end":{"line":289,"column":29}},"71":{"start":{"line":291,"column":2},"end":{"line":291,"column":15}},"72":{"start":{"line":298,"column":2},"end":{"line":303,"column":3}},"73":{"start":{"line":300,"column":4},"end":{"line":300,"column":58}},"74":{"start":{"line":302,"column":4},"end":{"line":302,"column":17}},"75":{"start":{"line":310,"column":2},"end":{"line":312,"column":3}},"76":{"start":{"line":311,"column":4},"end":{"line":311,"column":16}},"77":{"start":{"line":315,"column":2},"end":{"line":317,"column":3}},"78":{"start":{"line":316,"column":4},"end":{"line":316,"column":17}},"79":{"start":{"line":319,"column":14},"end":{"line":319,"column":27}},"80":{"start":{"line":320,"column":2},"end":{"line":320,"column":91}},"81":{"start":{"line":327,"column":2},"end":{"line":329,"column":3}},"82":{"start":{"line":328,"column":4},"end":{"line":328,"column":59}},"83":{"start":{"line":331,"column":14},"end":{"line":331,"column":32}},"84":{"start":{"line":332,"column":2},"end":{"line":334,"column":3}},"85":{"start":{"line":333,"column":4},"end":{"line":333,"column":73}},"86":{"start":{"line":336,"column":2},"end":{"line":338,"column":3}},"87":{"start":{"line":337,"column":4},"end":{"line":337,"column":83}},"88":{"start":{"line":340,"column":2},"end":{"line":342,"column":3}},"89":{"start":{"line":341,"column":4},"end":{"line":341,"column":60}},"90":{"start":{"line":344,"column":2},"end":{"line":344,"column":27}},"91":{"start":{"line":351,"column":18},"end":{"line":370,"column":3}},"92":{"start":{"line":372,"column":2},"end":{"line":372,"column":45}},"93":{"start":{"line":379,"column":20},"end":{"line":383,"column":3}},"94":{"start":{"line":385,"column":18},"end":{"line":385,"column":57}},"95":{"start":{"line":386,"column":2},"end":{"line":386,"column":43}},"96":{"start":{"line":393,"column":20},"end":{"line":397,"column":3}},"97":{"start":{"line":399,"column":18},"end":{"line":399,"column":57}},"98":{"start":{"line":400,"column":2},"end":{"line":400,"column":42}}},"fnMap":{"0":{"name":"detectAlgorithm","decl":{"start":{"line":18,"column":16},"end":{"line":18,"column":31}},"loc":{"start":{"line":18,"column":40},"end":{"line":41,"column":1}},"line":18},"1":{"name":"detectSecretType","decl":{"start":{"line":46,"column":16},"end":{"line":46,"column":32}},"loc":{"start":{"line":46,"column":41},"end":{"line":69,"column":1}},"line":46},"2":{"name":"createWalletFromSecret","decl":{"start":{"line":75,"column":16},"end":{"line":75,"column":38}},"loc":{"start":{"line":75,"column":47},"end":{"line":108,"column":1}},"line":75},"3":{"name":"generateTestWallet","decl":{"start":{"line":113,"column":22},"end":{"line":113,"column":40}},"loc":{"start":{"line":113,"column":43},"end":{"line":139,"column":1}},"line":113},"4":{"name":"createClient","decl":{"start":{"line":144,"column":16},"end":{"line":144,"column":28}},"loc":{"start":{"line":144,"column":50},"end":{"line":151,"column":1}},"line":144},"5":{"name":"getAccountInfo","decl":{"start":{"line":156,"column":22},"end":{"line":156,"column":36}},"loc":{"start":{"line":156,"column":54},"end":{"line":187,"column":1}},"line":156},"6":{"name":"getAccountTransactions","decl":{"start":{"line":192,"column":22},"end":{"line":192,"column":44}},"loc":{"start":{"line":192,"column":74},"end":{"line":227,"column":1}},"line":192},"7":{"name":"(anonymous_7)","decl":{"start":{"line":202,"column":58},"end":{"line":202,"column":59}},"loc":{"start":{"line":202,"column":65},"end":{"line":215,"column":5}},"line":202},"8":{"name":"preparePayment","decl":{"start":{"line":232,"column":22},"end":{"line":232,"column":36}},"loc":{"start":{"line":232,"column":99},"end":{"line":259,"column":1}},"line":232},"9":{"name":"signAndSubmit","decl":{"start":{"line":264,"column":22},"end":{"line":264,"column":35}},"loc":{"start":{"line":264,"column":65},"end":{"line":282,"column":1}},"line":264},"10":{"name":"formatAmount","decl":{"start":{"line":287,"column":16},"end":{"line":287,"column":28}},"loc":{"start":{"line":287,"column":36},"end":{"line":292,"column":1}},"line":287},"11":{"name":"isValidAddress","decl":{"start":{"line":297,"column":16},"end":{"line":297,"column":30}},"loc":{"start":{"line":297,"column":40},"end":{"line":304,"column":1}},"line":297},"12":{"name":"isValidDestinationTag","decl":{"start":{"line":309,"column":16},"end":{"line":309,"column":37}},"loc":{"start":{"line":309,"column":43},"end":{"line":321,"column":1}},"line":309},"13":{"name":"validateAmount","decl":{"start":{"line":326,"column":16},"end":{"line":326,"column":30}},"loc":{"start":{"line":326,"column":39},"end":{"line":345,"column":1}},"line":326},"14":{"name":"getNetworkConfig","decl":{"start":{"line":350,"column":16},"end":{"line":350,"column":32}},"loc":{"start":{"line":350,"column":42},"end":{"line":373,"column":1}},"line":350},"15":{"name":"getExplorerUrl","decl":{"start":{"line":378,"column":16},"end":{"line":378,"column":30}},"loc":{"start":{"line":378,"column":46},"end":{"line":387,"column":1}},"line":378},"16":{"name":"getAccountExplorerUrl","decl":{"start":{"line":392,"column":16},"end":{"line":392,"column":37}},"loc":{"start":{"line":392,"column":56},"end":{"line":401,"column":1}},"line":392}},"branchMap":{"0":{"loc":{"start":{"line":20,"column":2},"end":{"line":22,"column":3}},"type":"if","locations":[{"start":{"line":20,"column":2},"end":{"line":22,"column":3}},{"start":{},"end":{}}],"line":20},"1":{"loc":{"start":{"line":25,"column":2},"end":{"line":27,"column":3}},"type":"if","locations":[{"start":{"line":25,"column":2},"end":{"line":27,"column":3}},{"start":{},"end":{}}],"line":25},"2":{"loc":{"start":{"line":30,"column":2},"end":{"line":32,"column":3}},"type":"if","locations":[{"start":{"line":30,"column":2},"end":{"line":32,"column":3}},{"start":{},"end":{}}],"line":30},"3":{"loc":{"start":{"line":36,"column":2},"end":{"line":38,"column":3}},"type":"if","locations":[{"start":{"line":36,"column":2},"end":{"line":38,"column":3}},{"start":{},"end":{}}],"line":36},"4":{"loc":{"start":{"line":36,"column":6},"end":{"line":36,"column":48}},"type":"binary-expr","locations":[{"start":{"line":36,"column":6},"end":{"line":36,"column":25}},{"start":{"line":36,"column":29},"end":{"line":36,"column":48}}],"line":36},"5":{"loc":{"start":{"line":48,"column":2},"end":{"line":50,"column":3}},"type":"if","locations":[{"start":{"line":48,"column":2},"end":{"line":50,"column":3}},{"start":{},"end":{}}],"line":48},"6":{"loc":{"start":{"line":53,"column":2},"end":{"line":55,"column":3}},"type":"if","locations":[{"start":{"line":53,"column":2},"end":{"line":55,"column":3}},{"start":{},"end":{}}],"line":53},"7":{"loc":{"start":{"line":58,"column":2},"end":{"line":60,"column":3}},"type":"if","locations":[{"start":{"line":58,"column":2},"end":{"line":60,"column":3}},{"start":{},"end":{}}],"line":58},"8":{"loc":{"start":{"line":64,"column":2},"end":{"line":66,"column":3}},"type":"if","locations":[{"start":{"line":64,"column":2},"end":{"line":66,"column":3}},{"start":{},"end":{}}],"line":64},"9":{"loc":{"start":{"line":64,"column":6},"end":{"line":64,"column":48}},"type":"binary-expr","locations":[{"start":{"line":64,"column":6},"end":{"line":64,"column":25}},{"start":{"line":64,"column":29},"end":{"line":64,"column":48}}],"line":64},"10":{"loc":{"start":{"line":85,"column":4},"end":{"line":91,"column":5}},"type":"if","locations":[{"start":{"line":85,"column":4},"end":{"line":91,"column":5}},{"start":{"line":88,"column":11},"end":{"line":91,"column":5}}],"line":85},"11":{"loc":{"start":{"line":144,"column":29},"end":{"line":144,"column":48}},"type":"default-arg","locations":[{"start":{"line":144,"column":39},"end":{"line":144,"column":48}}],"line":144},"12":{"loc":{"start":{"line":146,"column":2},"end":{"line":148,"column":3}},"type":"if","locations":[{"start":{"line":146,"column":2},"end":{"line":148,"column":3}},{"start":{},"end":{}}],"line":146},"13":{"loc":{"start":{"line":172,"column":4},"end":{"line":181,"column":5}},"type":"if","locations":[{"start":{"line":172,"column":4},"end":{"line":181,"column":5}},{"start":{},"end":{}}],"line":172},"14":{"loc":{"start":{"line":192,"column":62},"end":{"line":192,"column":72}},"type":"default-arg","locations":[{"start":{"line":192,"column":70},"end":{"line":192,"column":72}}],"line":192},"15":{"loc":{"start":{"line":205,"column":12},"end":{"line":205,"column":73}},"type":"cond-expr","locations":[{"start":{"line":205,"column":25},"end":{"line":205,"column":66}},{"start":{"line":205,"column":69},"end":{"line":205,"column":73}}],"line":205},"16":{"loc":{"start":{"line":232,"column":76},"end":{"line":232,"column":97}},"type":"default-arg","locations":[{"start":{"line":232,"column":93},"end":{"line":232,"column":97}}],"line":232},"17":{"loc":{"start":{"line":241,"column":4},"end":{"line":243,"column":5}},"type":"if","locations":[{"start":{"line":241,"column":4},"end":{"line":243,"column":5}},{"start":{},"end":{}}],"line":241},"18":{"loc":{"start":{"line":241,"column":8},"end":{"line":241,"column":63}},"type":"binary-expr","locations":[{"start":{"line":241,"column":8},"end":{"line":241,"column":31}},{"start":{"line":241,"column":35},"end":{"line":241,"column":63}}],"line":241},"19":{"loc":{"start":{"line":288,"column":2},"end":{"line":290,"column":3}},"type":"if","locations":[{"start":{"line":288,"column":2},"end":{"line":290,"column":3}},{"start":{},"end":{}}],"line":288},"20":{"loc":{"start":{"line":288,"column":6},"end":{"line":288,"column":48}},"type":"binary-expr","locations":[{"start":{"line":288,"column":6},"end":{"line":288,"column":31}},{"start":{"line":288,"column":35},"end":{"line":288,"column":48}}],"line":288},"21":{"loc":{"start":{"line":310,"column":2},"end":{"line":312,"column":3}},"type":"if","locations":[{"start":{"line":310,"column":2},"end":{"line":312,"column":3}},{"start":{},"end":{}}],"line":310},"22":{"loc":{"start":{"line":310,"column":6},"end":{"line":310,"column":53}},"type":"binary-expr","locations":[{"start":{"line":310,"column":6},"end":{"line":310,"column":18}},{"start":{"line":310,"column":22},"end":{"line":310,"column":39}},{"start":{"line":310,"column":43},"end":{"line":310,"column":53}}],"line":310},"23":{"loc":{"start":{"line":315,"column":2},"end":{"line":317,"column":3}},"type":"if","locations":[{"start":{"line":315,"column":2},"end":{"line":317,"column":3}},{"start":{},"end":{}}],"line":315},"24":{"loc":{"start":{"line":315,"column":6},"end":{"line":315,"column":50}},"type":"binary-expr","locations":[{"start":{"line":315,"column":6},"end":{"line":315,"column":29}},{"start":{"line":315,"column":33},"end":{"line":315,"column":50}}],"line":315},"25":{"loc":{"start":{"line":320,"column":9},"end":{"line":320,"column":90}},"type":"binary-expr","locations":[{"start":{"line":320,"column":9},"end":{"line":320,"column":20}},{"start":{"line":320,"column":24},"end":{"line":320,"column":32}},{"start":{"line":320,"column":36},"end":{"line":320,"column":53}},{"start":{"line":320,"column":57},"end":{"line":320,"column":90}}],"line":320},"26":{"loc":{"start":{"line":327,"column":2},"end":{"line":329,"column":3}},"type":"if","locations":[{"start":{"line":327,"column":2},"end":{"line":329,"column":3}},{"start":{},"end":{}}],"line":327},"27":{"loc":{"start":{"line":327,"column":6},"end":{"line":327,"column":31}},"type":"binary-expr","locations":[{"start":{"line":327,"column":6},"end":{"line":327,"column":13}},{"start":{"line":327,"column":17},"end":{"line":327,"column":31}}],"line":327},"28":{"loc":{"start":{"line":332,"column":2},"end":{"line":334,"column":3}},"type":"if","locations":[{"start":{"line":332,"column":2},"end":{"line":334,"column":3}},{"start":{},"end":{}}],"line":332},"29":{"loc":{"start":{"line":332,"column":6},"end":{"line":332,"column":28}},"type":"binary-expr","locations":[{"start":{"line":332,"column":6},"end":{"line":332,"column":16}},{"start":{"line":332,"column":20},"end":{"line":332,"column":28}}],"line":332},"30":{"loc":{"start":{"line":336,"column":2},"end":{"line":338,"column":3}},"type":"if","locations":[{"start":{"line":336,"column":2},"end":{"line":338,"column":3}},{"start":{},"end":{}}],"line":336},"31":{"loc":{"start":{"line":340,"column":2},"end":{"line":342,"column":3}},"type":"if","locations":[{"start":{"line":340,"column":2},"end":{"line":342,"column":3}},{"start":{},"end":{}}],"line":340},"32":{"loc":{"start":{"line":372,"column":9},"end":{"line":372,"column":44}},"type":"binary-expr","locations":[{"start":{"line":372,"column":9},"end":{"line":372,"column":25}},{"start":{"line":372,"column":29},"end":{"line":372,"column":44}}],"line":372},"33":{"loc":{"start":{"line":385,"column":18},"end":{"line":385,"column":57}},"type":"binary-expr","locations":[{"start":{"line":385,"column":18},"end":{"line":385,"column":36}},{"start":{"line":385,"column":40},"end":{"line":385,"column":57}}],"line":385},"34":{"loc":{"start":{"line":399,"column":18},"end":{"line":399,"column":57}},"type":"binary-expr","locations":[{"start":{"line":399,"column":18},"end":{"line":399,"column":36}},{"start":{"line":399,"column":40},"end":{"line":399,"column":57}}],"line":399}},"s":{"0":1,"1":12,"2":1,"3":11,"4":1,"5":10,"6":0,"7":10,"8":10,"9":3,"10":7,"11":7,"12":1,"13":6,"14":1,"15":5,"16":0,"17":5,"18":5,"19":3,"20":2,"21":4,"22":4,"23":4,"24":1,"25":1,"26":1,"27":0,"28":1,"29":0,"30":0,"31":4,"32":0,"33":0,"34":0,"35":0,"36":0,"37":0,"38":0,"39":0,"40":0,"41":0,"42":0,"43":0,"44":0,"45":0,"46":0,"47":0,"48":0,"49":0,"50":0,"51":0,"52":0,"53":0,"54":0,"55":0,"56":0,"57":0,"58":0,"59":0,"60":0,"61":0,"62":0,"63":0,"64":0,"65":0,"66":0,"67":0,"68":0,"69":5,"70":1,"71":4,"72":9,"73":9,"74":0,"75":11,"76":3,"77":8,"78":1,"79":7,"80":7,"81":10,"82":2,"83":8,"84":8,"85":2,"86":6,"87":1,"88":5,"89":1,"90":4,"91":4,"92":4,"93":4,"94":4,"95":4,"96":3,"97":3,"98":3},"f":{"0":12,"1":7,"2":4,"3":0,"4":0,"5":0,"6":0,"7":0,"8":0,"9":0,"10":5,"11":9,"12":11,"13":10,"14":4,"15":4,"16":3},"b":{"0":[1,11],"1":[1,10],"2":[0,10],"3":[3,7],"4":[10,8],"5":[1,6],"6":[1,5],"7":[0,5],"8":[3,2],"9":[5,3],"10":[1,0],"11":[0],"12":[0,0],"13":[0,0],"14":[0],"15":[0,0],"16":[0],"17":[0,0],"18":[0,0],"19":[1,4],"20":[5,2],"21":[3,8],"22":[11,10,9],"23":[1,7],"24":[8,7],"25":[7,6,5,4],"26":[2,8],"27":[10,9],"28":[2,6],"29":[8,7],"30":[1,5],"31":[1,4],"32":[4,1],"33":[4,1],"34":[3,1]},"_coverageSchema":"1a1c01bbd47fc00a2c39e90264f33305004495a9","hash":"a1397d7024324dfd0e6e90cad10516610b699ff9"}
}
