TN:
SF:src/App.js
FN:71,App
FN:97,(anonymous_1)
FN:101,(anonymous_2)
FN:106,(anonymous_3)
FN:124,(anonymous_4)
FN:126,(anonymous_5)
FN:132,(anonymous_6)
FN:138,(anonymous_7)
FN:144,(anonymous_8)
FN:150,(anonymous_9)
FN:158,(anonymous_10)
FN:168,(anonymous_11)
FN:207,(anonymous_12)
FN:218,(anonymous_13)
FN:224,(anonymous_14)
FN:230,(anonymous_15)
FN:235,(anonymous_16)
FN:267,(anonymous_17)
FN:277,(anonymous_18)
FN:290,(anonymous_19)
FN:301,(anonymous_20)
FN:308,(anonymous_21)
FN:315,(anonymous_22)
FN:319,(anonymous_23)
FN:326,(anonymous_24)
FN:327,(anonymous_25)
FN:341,(anonymous_26)
FN:406,(anonymous_27)
FN:422,(anonymous_28)
FN:426,(anonymous_29)
FN:516,(anonymous_30)
FN:526,(anonymous_31)
FN:557,(anonymous_32)
FN:580,(anonymous_33)
FNF:34
FNH:0
FNDA:0,App
FNDA:0,(anonymous_1)
FNDA:0,(anonymous_2)
FNDA:0,(anonymous_3)
FNDA:0,(anonymous_4)
FNDA:0,(anonymous_5)
FNDA:0,(anonymous_6)
FNDA:0,(anonymous_7)
FNDA:0,(anonymous_8)
FNDA:0,(anonymous_9)
FNDA:0,(anonymous_10)
FNDA:0,(anonymous_11)
FNDA:0,(anonymous_12)
FNDA:0,(anonymous_13)
FNDA:0,(anonymous_14)
FNDA:0,(anonymous_15)
FNDA:0,(anonymous_16)
FNDA:0,(anonymous_17)
FNDA:0,(anonymous_18)
FNDA:0,(anonymous_19)
FNDA:0,(anonymous_20)
FNDA:0,(anonymous_21)
FNDA:0,(anonymous_22)
FNDA:0,(anonymous_23)
FNDA:0,(anonymous_24)
FNDA:0,(anonymous_25)
FNDA:0,(anonymous_26)
FNDA:0,(anonymous_27)
FNDA:0,(anonymous_28)
FNDA:0,(anonymous_29)
FNDA:0,(anonymous_30)
FNDA:0,(anonymous_31)
FNDA:0,(anonymous_32)
FNDA:0,(anonymous_33)
DA:50,0
DA:69,0
DA:73,0
DA:74,0
DA:75,0
DA:76,0
DA:77,0
DA:78,0
DA:81,0
DA:82,0
DA:83,0
DA:86,0
DA:87,0
DA:88,0
DA:89,0
DA:90,0
DA:93,0
DA:94,0
DA:97,0
DA:98,0
DA:99,0
DA:101,0
DA:102,0
DA:106,0
DA:107,0
DA:108,0
DA:110,0
DA:112,0
DA:113,0
DA:116,0
DA:117,0
DA:120,0
DA:124,0
DA:125,0
DA:126,0
DA:127,0
DA:128,0
DA:132,0
DA:133,0
DA:134,0
DA:138,0
DA:139,0
DA:140,0
DA:144,0
DA:145,0
DA:146,0
DA:150,0
DA:151,0
DA:152,0
DA:158,0
DA:159,0
DA:160,0
DA:161,0
DA:162,0
DA:163,0
DA:164,0
DA:168,0
DA:169,0
DA:170,0
DA:172,0
DA:173,0
DA:175,0
DA:182,0
DA:183,0
DA:185,0
DA:186,0
DA:187,0
DA:188,0
DA:189,0
DA:190,0
DA:192,0
DA:195,0
DA:197,0
DA:198,0
DA:199,0
DA:200,0
DA:201,0
DA:202,0
DA:204,0
DA:207,0
DA:208,0
DA:212,0
DA:214,0
DA:218,0
DA:219,0
DA:220,0
DA:223,0
DA:224,0
DA:225,0
DA:230,0
DA:232,0
DA:235,0
DA:236,0
DA:238,0
DA:240,0
DA:241,0
DA:245,0
DA:248,0
DA:249,0
DA:250,0
DA:253,0
DA:254,0
DA:256,0
DA:259,0
DA:262,0
DA:263,0
DA:267,0
DA:268,0
DA:269,0
DA:270,0
DA:271,0
DA:273,0
DA:277,0
DA:278,0
DA:279,0
DA:280,0
DA:282,0
DA:283,0
DA:284,0
DA:286,0
DA:287,0
DA:288,0
DA:290,0
DA:296,0
DA:297,0
DA:300,0
DA:301,0
DA:308,0
DA:309,0
DA:310,0
DA:311,0
DA:315,0
DA:316,0
DA:319,0
DA:320,0
DA:323,0
DA:324,0
DA:326,0
DA:327,0
DA:328,0
DA:329,0
DA:331,0
DA:341,0
DA:342,0
DA:346,0
DA:347,0
DA:376,0
DA:406,0
DA:423,0
DA:426,0
DA:516,0
DA:526,0
DA:557,0
DA:580,0
LF:154
LH:0
BRDA:110,0,0,0
BRDA:110,0,1,0
BRDA:125,1,0,0
BRDA:125,1,1,0
BRDA:127,2,0,0
BRDA:127,2,1,0
BRDA:133,3,0,0
BRDA:133,3,1,0
BRDA:139,4,0,0
BRDA:139,4,1,0
BRDA:139,5,0,0
BRDA:139,5,1,0
BRDA:145,6,0,0
BRDA:145,6,1,0
BRDA:145,7,0,0
BRDA:145,7,1,0
BRDA:151,8,0,0
BRDA:151,8,1,0
BRDA:151,9,0,0
BRDA:151,9,1,0
BRDA:159,10,0,0
BRDA:159,10,1,0
BRDA:173,11,0,0
BRDA:173,11,1,0
BRDA:198,12,0,0
BRDA:198,12,1,0
BRDA:200,13,0,0
BRDA:200,13,1,0
BRDA:207,14,0,0
BRDA:207,14,1,0
BRDA:223,15,0,0
BRDA:223,15,1,0
BRDA:240,16,0,0
BRDA:240,16,1,0
BRDA:286,17,0,0
BRDA:286,17,1,0
BRDA:309,18,0,0
BRDA:309,18,1,0
BRDA:309,19,0,0
BRDA:309,19,1,0
BRDA:315,20,0,0
BRDA:323,21,0,0
BRDA:323,21,1,0
BRDA:328,22,0,0
BRDA:328,22,1,0
BRDA:341,23,0,0
BRDA:346,24,0,0
BRDA:346,24,1,0
BRDA:415,25,0,0
BRDA:415,25,1,0
BRDA:451,26,0,0
BRDA:451,26,1,0
BRDA:455,27,0,0
BRDA:455,27,1,0
BRDA:455,27,2,0
BRDA:474,28,0,0
BRDA:474,28,1,0
BRDA:477,29,0,0
BRDA:477,29,1,0
BRDA:485,30,0,0
BRDA:485,30,1,0
BRDA:495,31,0,0
BRDA:495,31,1,0
BRDA:541,32,0,0
BRDA:541,32,1,0
BRDA:541,32,2,0
BRF:66
BRH:0
end_of_record
TN:
SF:src/index.js
FNF:0
FNH:0
DA:5,0
DA:6,0
LF:2
LH:0
BRF:0
BRH:0
end_of_record
TN:
SF:src/components/AddressBookManager.js
FN:39,AddressBookManager
FN:59,(anonymous_1)
FN:64,(anonymous_2)
FN:75,(anonymous_3)
FN:80,(anonymous_4)
FN:91,(anonymous_5)
FN:96,(anonymous_6)
FN:116,(anonymous_7)
FN:128,(anonymous_8)
FN:156,(anonymous_9)
FN:167,(anonymous_10)
FN:176,(anonymous_11)
FN:202,(anonymous_12)
FN:251,(anonymous_13)
FN:272,(anonymous_14)
FN:318,(anonymous_15)
FN:326,(anonymous_16)
FN:334,(anonymous_17)
FN:365,(anonymous_18)
FN:376,(anonymous_19)
FN:387,(anonymous_20)
FN:399,(anonymous_21)
FNF:22
FNH:0
FNDA:0,AddressBookManager
FNDA:0,(anonymous_1)
FNDA:0,(anonymous_2)
FNDA:0,(anonymous_3)
FNDA:0,(anonymous_4)
FNDA:0,(anonymous_5)
FNDA:0,(anonymous_6)
FNDA:0,(anonymous_7)
FNDA:0,(anonymous_8)
FNDA:0,(anonymous_9)
FNDA:0,(anonymous_10)
FNDA:0,(anonymous_11)
FNDA:0,(anonymous_12)
FNDA:0,(anonymous_13)
FNDA:0,(anonymous_14)
FNDA:0,(anonymous_15)
FNDA:0,(anonymous_16)
FNDA:0,(anonymous_17)
FNDA:0,(anonymous_18)
FNDA:0,(anonymous_19)
FNDA:0,(anonymous_20)
FNDA:0,(anonymous_21)
DA:47,0
DA:48,0
DA:49,0
DA:50,0
DA:56,0
DA:57,0
DA:59,0
DA:60,0
DA:64,0
DA:65,0
DA:71,0
DA:72,0
DA:75,0
DA:76,0
DA:77,0
DA:80,0
DA:81,0
DA:87,0
DA:88,0
DA:91,0
DA:92,0
DA:93,0
DA:96,0
DA:97,0
DA:99,0
DA:100,0
DA:101,0
DA:102,0
DA:105,0
DA:106,0
DA:107,0
DA:108,0
DA:111,0
DA:112,0
DA:116,0
DA:117,0
DA:120,0
DA:121,0
DA:124,0
DA:125,0
DA:128,0
DA:129,0
DA:131,0
DA:132,0
DA:133,0
DA:140,0
DA:141,0
DA:142,0
DA:144,0
DA:145,0
DA:148,0
DA:150,0
DA:152,0
DA:156,0
DA:157,0
DA:158,0
DA:159,0
DA:160,0
DA:162,0
DA:167,0
DA:168,0
DA:169,0
DA:170,0
DA:172,0
DA:176,0
DA:177,0
DA:178,0
DA:181,0
DA:202,0
DA:252,0
DA:272,0
DA:318,0
DA:326,0
DA:334,0
DA:365,0
DA:376,0
DA:387,0
DA:399,0
LF:78
LH:0
BRDA:45,0,0,0
BRDA:60,1,0,0
BRDA:60,1,1,0
BRDA:84,2,0,0
BRDA:84,2,1,0
BRDA:85,3,0,0
BRDA:85,3,1,0
BRDA:99,4,0,0
BRDA:99,4,1,0
BRDA:101,5,0,0
BRDA:101,5,1,0
BRDA:105,6,0,0
BRDA:105,6,1,0
BRDA:107,7,0,0
BRDA:107,7,1,0
BRDA:111,8,0,0
BRDA:111,8,1,0
BRDA:111,9,0,0
BRDA:111,9,1,0
BRDA:117,10,0,0
BRDA:117,10,1,0
BRDA:117,10,2,0
BRDA:120,11,0,0
BRDA:120,11,1,0
BRDA:129,12,0,0
BRDA:129,12,1,0
BRDA:136,13,0,0
BRDA:136,13,1,0
BRDA:137,14,0,0
BRDA:137,14,1,0
BRDA:140,15,0,0
BRDA:140,15,1,0
BRDA:157,16,0,0
BRDA:157,16,1,0
BRDA:214,17,0,0
BRDA:214,17,1,0
BRDA:219,18,0,0
BRDA:219,18,1,0
BRDA:222,19,0,0
BRDA:222,19,1,0
BRDA:227,20,0,0
BRDA:227,20,1,0
BRDA:280,21,0,0
BRDA:280,21,1,0
BRDA:293,22,0,0
BRDA:293,22,1,0
BRDA:357,23,0,0
BRDA:357,23,1,0
BRDA:389,24,0,0
BRDA:389,24,1,0
BRDA:414,25,0,0
BRDA:414,25,1,0
BRF:52
BRH:0
end_of_record
TN:
SF:src/components/ImportWalletDialog.js
FN:31,ImportWalletDialog
FN:45,(anonymous_1)
FN:58,(anonymous_2)
FN:77,(anonymous_3)
FN:90,(anonymous_4)
FN:114,(anonymous_5)
FN:117,(anonymous_6)
FN:119,(anonymous_7)
FN:122,(anonymous_8)
FN:142,(anonymous_9)
FN:237,(anonymous_10)
FN:247,(anonymous_11)
FN:382,(anonymous_12)
FNF:13
FNH:0
FNDA:0,ImportWalletDialog
FNDA:0,(anonymous_1)
FNDA:0,(anonymous_2)
FNDA:0,(anonymous_3)
FNDA:0,(anonymous_4)
FNDA:0,(anonymous_5)
FNDA:0,(anonymous_6)
FNDA:0,(anonymous_7)
FNDA:0,(anonymous_8)
FNDA:0,(anonymous_9)
FNDA:0,(anonymous_10)
FNDA:0,(anonymous_11)
FNDA:0,(anonymous_12)
DA:29,0
DA:37,0
DA:38,0
DA:39,0
DA:40,0
DA:41,0
DA:42,0
DA:43,0
DA:45,0
DA:46,0
DA:48,0
DA:49,0
DA:50,0
DA:51,0
DA:52,0
DA:53,0
DA:54,0
DA:58,0
DA:59,0
DA:60,0
DA:61,0
DA:63,0
DA:64,0
DA:65,0
DA:66,0
DA:67,0
DA:69,0
DA:70,0
DA:73,0
DA:77,0
DA:78,0
DA:79,0
DA:80,0
DA:81,0
DA:82,0
DA:83,0
DA:84,0
DA:86,0
DA:90,0
DA:91,0
DA:93,0
DA:94,0
DA:95,0
DA:97,0
DA:98,0
DA:99,0
DA:101,0
DA:103,0
DA:104,0
DA:105,0
DA:107,0
DA:108,0
DA:109,0
DA:113,0
DA:114,0
DA:117,0
DA:118,0
DA:119,0
DA:122,0
DA:123,0
DA:124,0
DA:125,0
DA:128,0
DA:139,0
DA:142,0
DA:143,0
DA:145,0
DA:227,0
DA:237,0
DA:247,0
DA:298,0
DA:358,0
DA:362,0
DA:383,0
LF:74
LH:0
BRDA:35,0,0,0
BRDA:46,1,0,0
BRDA:46,1,1,0
BRDA:63,2,0,0
BRDA:63,2,1,0
BRDA:67,3,0,0
BRDA:67,3,1,0
BRDA:83,4,0,0
BRDA:83,4,1,0
BRDA:91,5,0,0
BRDA:91,5,1,0
BRDA:93,6,0,0
BRDA:93,6,1,0
BRDA:97,7,0,0
BRDA:97,7,1,0
BRDA:101,8,0,0
BRDA:101,8,1,0
BRDA:103,9,0,0
BRDA:103,9,1,0
BRDA:107,10,0,0
BRDA:107,10,1,0
BRDA:123,11,0,0
BRDA:123,11,1,0
BRDA:123,12,0,0
BRDA:123,12,1,0
BRDA:143,13,0,0
BRDA:143,13,1,0
BRDA:143,13,2,0
BRDA:143,13,3,0
BRDA:176,14,0,0
BRDA:176,14,1,0
BRDA:193,15,0,0
BRDA:193,15,1,0
BRDA:288,16,0,0
BRDA:288,16,1,0
BRDA:320,17,0,0
BRDA:320,17,1,0
BRDA:330,18,0,0
BRDA:330,18,1,0
BRDA:391,19,0,0
BRDA:391,19,1,0
BRDA:391,19,2,0
BRDA:393,20,0,0
BRDA:393,20,1,0
BRDA:404,21,0,0
BRDA:404,21,1,0
BRDA:410,22,0,0
BRDA:410,22,1,0
BRDA:414,23,0,0
BRDA:414,23,1,0
BRDA:414,23,2,0
BRDA:422,24,0,0
BRDA:422,24,1,0
BRDA:422,24,2,0
BRDA:423,25,0,0
BRDA:423,25,1,0
BRDA:425,26,0,0
BRDA:425,26,1,0
BRF:58
BRH:0
end_of_record
TN:
SF:src/components/MasterPasswordDialog.js
FN:19,validatePassword
FN:48,calculatePasswordStrength
FN:69,getStrengthColor
FN:86,getStrengthText
FN:104,MasterPasswordDialog
FN:121,(anonymous_5)
FN:129,(anonymous_6)
FN:155,(anonymous_7)
FN:197,(anonymous_8)
FN:205,(anonymous_9)
FN:240,(anonymous_10)
FN:248,(anonymous_11)
FNF:12
FNH:0
FNDA:0,validatePassword
FNDA:0,calculatePasswordStrength
FNDA:0,getStrengthColor
FNDA:0,getStrengthText
FNDA:0,MasterPasswordDialog
FNDA:0,(anonymous_5)
FNDA:0,(anonymous_6)
FNDA:0,(anonymous_7)
FNDA:0,(anonymous_8)
FNDA:0,(anonymous_9)
FNDA:0,(anonymous_10)
FNDA:0,(anonymous_11)
DA:20,0
DA:22,0
DA:23,0
DA:26,0
DA:27,0
DA:30,0
DA:31,0
DA:34,0
DA:35,0
DA:38,0
DA:39,0
DA:42,0
DA:49,0
DA:52,0
DA:53,0
DA:54,0
DA:57,0
DA:58,0
DA:59,0
DA:60,0
DA:63,0
DA:64,0
DA:66,0
DA:70,0
DA:73,0
DA:75,0
DA:77,0
DA:80,0
DA:82,0
DA:87,0
DA:90,0
DA:92,0
DA:94,0
DA:96,0
DA:98,0
DA:100,0
DA:112,0
DA:113,0
DA:114,0
DA:115,0
DA:116,0
DA:118,0
DA:119,0
DA:121,0
DA:122,0
DA:123,0
DA:124,0
DA:125,0
DA:129,0
DA:130,0
DA:132,0
DA:133,0
DA:134,0
DA:137,0
DA:139,0
DA:140,0
DA:141,0
DA:142,0
DA:146,0
DA:147,0
DA:148,0
DA:152,0
DA:155,0
DA:156,0
DA:157,0
DA:161,0
DA:197,0
DA:205,0
DA:240,0
DA:248,0
LF:70
LH:0
BRDA:22,0,0,0
BRDA:22,0,1,0
BRDA:26,1,0,0
BRDA:26,1,1,0
BRDA:30,2,0,0
BRDA:30,2,1,0
BRDA:34,3,0,0
BRDA:34,3,1,0
BRDA:38,4,0,0
BRDA:38,4,1,0
BRDA:52,5,0,0
BRDA:52,5,1,0
BRDA:53,6,0,0
BRDA:53,6,1,0
BRDA:54,7,0,0
BRDA:54,7,1,0
BRDA:57,8,0,0
BRDA:57,8,1,0
BRDA:58,9,0,0
BRDA:58,9,1,0
BRDA:59,10,0,0
BRDA:59,10,1,0
BRDA:60,11,0,0
BRDA:60,11,1,0
BRDA:63,12,0,0
BRDA:63,12,1,0
BRDA:64,13,0,0
BRDA:64,13,1,0
BRDA:70,14,0,0
BRDA:70,14,1,0
BRDA:70,14,2,0
BRDA:70,14,3,0
BRDA:70,14,4,0
BRDA:70,14,5,0
BRDA:70,14,6,0
BRDA:87,15,0,0
BRDA:87,15,1,0
BRDA:87,15,2,0
BRDA:87,15,3,0
BRDA:87,15,4,0
BRDA:87,15,5,0
BRDA:87,15,6,0
BRDA:108,16,0,0
BRDA:109,17,0,0
BRDA:110,18,0,0
BRDA:122,19,0,0
BRDA:122,19,1,0
BRDA:132,20,0,0
BRDA:132,20,1,0
BRDA:137,21,0,0
BRDA:137,21,1,0
BRDA:140,22,0,0
BRDA:140,22,1,0
BRDA:146,23,0,0
BRDA:146,23,1,0
BRDA:156,24,0,0
BRDA:156,24,1,0
BRDA:173,25,0,0
BRDA:173,25,1,0
BRDA:180,26,0,0
BRDA:180,26,1,0
BRDA:195,27,0,0
BRDA:195,27,1,0
BRDA:208,28,0,0
BRDA:208,28,1,0
BRDA:215,29,0,0
BRDA:215,29,1,0
BRDA:215,29,2,0
BRDA:234,30,0,0
BRDA:234,30,1,0
BRDA:238,31,0,0
BRDA:238,31,1,0
BRDA:251,32,0,0
BRDA:251,32,1,0
BRDA:259,33,0,0
BRDA:259,33,1,0
BRDA:259,33,2,0
BRDA:261,34,0,0
BRDA:261,34,1,0
BRDA:265,35,0,0
BRDA:265,35,1,0
BRDA:277,36,0,0
BRDA:277,36,1,0
BRDA:285,37,0,0
BRDA:285,37,1,0
BRDA:285,37,2,0
BRDA:285,37,3,0
BRDA:286,38,0,0
BRDA:286,38,1,0
BRDA:288,39,0,0
BRDA:288,39,1,0
BRDA:288,40,0,0
BRDA:288,40,1,0
BRF:93
BRH:0
end_of_record
TN:
SF:src/components/MultiSigTab.js
FN:50,MultiSigTab
FN:66,(anonymous_1)
FN:73,(anonymous_2)
FN:100,(anonymous_3)
FN:113,(anonymous_4)
FN:122,(anonymous_5)
FN:126,(anonymous_6)
FN:128,(anonymous_7)
FN:132,(anonymous_8)
FN:138,(anonymous_9)
FN:150,(anonymous_10)
FN:156,(anonymous_11)
FN:164,(anonymous_12)
FN:181,(anonymous_13)
FN:218,(anonymous_14)
FN:251,(anonymous_15)
FN:263,(anonymous_16)
FN:296,(anonymous_17)
FN:320,(anonymous_18)
FN:326,(anonymous_19)
FN:355,(anonymous_20)
FN:366,(anonymous_21)
FN:386,(anonymous_22)
FN:439,(anonymous_23)
FN:456,(anonymous_24)
FN:465,(anonymous_25)
FN:471,(anonymous_26)
FN:478,(anonymous_27)
FN:483,(anonymous_28)
FN:502,(anonymous_29)
FN:504,(anonymous_30)
FN:508,(anonymous_31)
FN:524,(anonymous_32)
FN:542,(anonymous_33)
FN:552,(anonymous_34)
FN:568,(anonymous_35)
FNF:36
FNH:0
FNDA:0,MultiSigTab
FNDA:0,(anonymous_1)
FNDA:0,(anonymous_2)
FNDA:0,(anonymous_3)
FNDA:0,(anonymous_4)
FNDA:0,(anonymous_5)
FNDA:0,(anonymous_6)
FNDA:0,(anonymous_7)
FNDA:0,(anonymous_8)
FNDA:0,(anonymous_9)
FNDA:0,(anonymous_10)
FNDA:0,(anonymous_11)
FNDA:0,(anonymous_12)
FNDA:0,(anonymous_13)
FNDA:0,(anonymous_14)
FNDA:0,(anonymous_15)
FNDA:0,(anonymous_16)
FNDA:0,(anonymous_17)
FNDA:0,(anonymous_18)
FNDA:0,(anonymous_19)
FNDA:0,(anonymous_20)
FNDA:0,(anonymous_21)
FNDA:0,(anonymous_22)
FNDA:0,(anonymous_23)
FNDA:0,(anonymous_24)
FNDA:0,(anonymous_25)
FNDA:0,(anonymous_26)
FNDA:0,(anonymous_27)
FNDA:0,(anonymous_28)
FNDA:0,(anonymous_29)
FNDA:0,(anonymous_30)
FNDA:0,(anonymous_31)
FNDA:0,(anonymous_32)
FNDA:0,(anonymous_33)
FNDA:0,(anonymous_34)
FNDA:0,(anonymous_35)
DA:51,0
DA:52,0
DA:53,0
DA:54,0
DA:55,0
DA:58,0
DA:59,0
DA:60,0
DA:63,0
DA:64,0
DA:66,0
DA:67,0
DA:68,0
DA:69,0
DA:73,0
DA:74,0
DA:76,0
DA:77,0
DA:78,0
DA:79,0
DA:81,0
DA:87,0
DA:88,0
DA:91,0
DA:93,0
DA:94,0
DA:96,0
DA:100,0
DA:103,0
DA:104,0
DA:105,0
DA:106,0
DA:109,0
DA:113,0
DA:114,0
DA:115,0
DA:116,0
DA:118,0
DA:122,0
DA:123,0
DA:126,0
DA:127,0
DA:128,0
DA:132,0
DA:133,0
DA:134,0
DA:135,0
DA:138,0
DA:140,0
DA:141,0
DA:142,0
DA:144,0
DA:145,0
DA:150,0
DA:151,0
DA:152,0
DA:156,0
DA:157,0
DA:158,0
DA:161,0
DA:164,0
DA:165,0
DA:166,0
DA:167,0
DA:168,0
DA:171,0
DA:172,0
DA:173,0
DA:174,0
DA:177,0
DA:181,0
DA:189,0
DA:190,0
DA:193,0
DA:194,0
DA:195,0
DA:196,0
DA:198,0
DA:199,0
DA:200,0
DA:201,0
DA:203,0
DA:206,0
DA:209,0
DA:211,0
DA:212,0
DA:214,0
DA:218,0
DA:219,0
DA:220,0
DA:221,0
DA:224,0
DA:225,0
DA:228,0
DA:231,0
DA:234,0
DA:242,0
DA:243,0
DA:244,0
DA:246,0
DA:247,0
DA:251,0
DA:252,0
DA:253,0
DA:254,0
DA:258,0
DA:260,0
DA:261,0
DA:263,0
DA:264,0
DA:266,0
DA:269,0
DA:271,0
DA:272,0
DA:276,0
DA:277,0
DA:286,0
DA:296,0
DA:321,0
DA:327,0
DA:355,0
DA:367,0
DA:387,0
DA:439,0
DA:456,0
DA:466,0
DA:471,0
DA:478,0
DA:483,0
DA:502,0
DA:504,0
DA:508,0
DA:524,0
DA:542,0
DA:553,0
DA:568,0
LF:136
LH:0
BRDA:67,0,0,0
BRDA:67,0,1,0
BRDA:74,1,0,0
BRDA:74,1,1,0
BRDA:87,2,0,0
BRDA:87,2,1,0
BRDA:87,3,0,0
BRDA:87,3,1,0
BRDA:105,4,0,0
BRDA:105,4,1,0
BRDA:127,5,0,0
BRDA:127,5,1,0
BRDA:141,6,0,0
BRDA:141,6,1,0
BRDA:141,7,0,0
BRDA:141,7,1,0
BRDA:144,8,0,0
BRDA:144,8,1,0
BRDA:144,9,0,0
BRDA:144,9,1,0
BRDA:151,10,0,0
BRDA:151,10,1,0
BRDA:151,11,0,0
BRDA:151,11,1,0
BRDA:157,12,0,0
BRDA:157,12,1,0
BRDA:166,13,0,0
BRDA:166,13,1,0
BRDA:190,14,0,0
BRDA:190,14,1,0
BRDA:193,15,0,0
BRDA:193,15,1,0
BRDA:198,16,0,0
BRDA:198,16,1,0
BRDA:219,17,0,0
BRDA:219,17,1,0
BRDA:260,18,0,0
BRDA:260,18,1,0
BRDA:266,19,0,0
BRDA:266,19,1,0
BRDA:276,20,0,0
BRDA:276,20,1,0
BRDA:303,21,0,0
BRDA:303,21,1,0
BRDA:315,22,0,0
BRDA:315,22,1,0
BRDA:361,23,0,0
BRDA:361,23,1,0
BRDA:371,24,0,0
BRDA:371,24,1,0
BRDA:384,25,0,0
BRDA:384,25,1,0
BRDA:456,26,0,0
BRDA:456,26,1,0
BRDA:478,27,0,0
BRDA:478,27,1,0
BRDA:516,28,0,0
BRDA:516,28,1,0
BRDA:547,29,0,0
BRDA:547,29,1,0
BRF:60
BRH:0
end_of_record
TN:
SF:src/components/PasswordPromptDialog.js
FN:13,PasswordPromptDialog
FN:24,(anonymous_1)
FN:30,(anonymous_2)
FN:51,(anonymous_3)
FNF:4
FNH:0
FNDA:0,PasswordPromptDialog
FNDA:0,(anonymous_1)
FNDA:0,(anonymous_2)
FNDA:0,(anonymous_3)
DA:22,0
DA:24,0
DA:25,0
DA:26,0
DA:30,0
DA:31,0
DA:32,0
DA:33,0
DA:37,0
DA:51,0
LF:10
LH:0
BRDA:15,0,0,0
BRDA:16,1,0,0
BRDA:17,2,0,0
BRDA:18,3,0,0
BRDA:25,4,0,0
BRDA:25,4,1,0
BRDA:32,5,0,0
BRDA:32,5,1,0
BRDA:38,6,0,0
BRDA:38,6,1,0
BRDA:57,7,0,0
BRDA:57,7,1,0
BRDA:67,8,0,0
BRDA:67,8,1,0
BRDA:68,9,0,0
BRDA:68,9,1,0
BRF:16
BRH:0
end_of_record
TN:
SF:src/components/QRCodeDisplay.js
FN:24,QRCodeDisplay
FN:31,(anonymous_1)
FN:35,(anonymous_2)
FN:60,(anonymous_3)
FN:69,(anonymous_4)
FN:78,(anonymous_5)
FN:88,(anonymous_6)
FN:137,(anonymous_7)
FN:221,(anonymous_8)
FN:240,(anonymous_9)
FN:256,(anonymous_10)
FNF:11
FNH:0
FNDA:0,QRCodeDisplay
FNDA:0,(anonymous_1)
FNDA:0,(anonymous_2)
FNDA:0,(anonymous_3)
FNDA:0,(anonymous_4)
FNDA:0,(anonymous_5)
FNDA:0,(anonymous_6)
FNDA:0,(anonymous_7)
FNDA:0,(anonymous_8)
FNDA:0,(anonymous_9)
FNDA:0,(anonymous_10)
DA:25,0
DA:26,0
DA:27,0
DA:28,0
DA:29,0
DA:31,0
DA:32,0
DA:35,0
DA:36,0
DA:39,0
DA:41,0
DA:42,0
DA:45,0
DA:46,0
DA:49,0
DA:50,0
DA:53,0
DA:56,0
DA:57,0
DA:60,0
DA:61,0
DA:62,0
DA:63,0
DA:65,0
DA:69,0
DA:70,0
DA:71,0
DA:72,0
DA:74,0
DA:78,0
DA:79,0
DA:80,0
DA:81,0
DA:82,0
DA:83,0
DA:84,0
DA:85,0
DA:88,0
DA:89,0
DA:90,0
DA:91,0
DA:97,0
DA:98,0
DA:103,0
DA:107,0
DA:108,0
DA:115,0
DA:138,0
DA:139,0
DA:221,0
DA:240,0
DA:256,0
LF:52
LH:0
BRDA:36,0,0,0
BRDA:36,0,1,0
BRDA:41,1,0,0
BRDA:41,1,1,0
BRDA:45,2,0,0
BRDA:45,2,1,0
BRDA:49,3,0,0
BRDA:49,3,1,0
BRDA:89,4,0,0
BRDA:89,4,1,0
BRDA:97,5,0,0
BRDA:97,5,1,0
BRDA:107,6,0,0
BRDA:107,6,1,0
BRDA:125,7,0,0
BRDA:125,7,1,0
BRDA:196,8,0,0
BRDA:196,8,1,0
BRDA:267,9,0,0
BRDA:267,9,1,0
BRF:20
BRH:0
end_of_record
TN:
SF:src/components/TransactionConfirmDialog.js
FN:32,TransactionConfirmDialog
FN:44,(anonymous_1)
FNF:2
FNH:0
FNDA:0,TransactionConfirmDialog
FNDA:0,(anonymous_1)
DA:40,0
DA:42,0
DA:44,0
DA:45,0
DA:46,0
DA:47,0
DA:49,0
DA:53,0
DA:55,0
LF:9
LH:0
BRDA:38,0,0,0
BRDA:42,1,0,0
BRDA:42,1,1,0
BRDA:42,2,0,0
BRDA:42,2,1,0
BRDA:140,3,0,0
BRDA:140,3,1,0
BRDA:149,4,0,0
BRDA:149,4,1,0
BRDA:181,5,0,0
BRDA:181,5,1,0
BRDA:191,6,0,0
BRDA:191,6,1,0
BRDA:205,7,0,0
BRDA:205,7,1,0
BRDA:233,8,0,0
BRDA:233,8,1,0
BRDA:233,8,2,0
BRDA:256,9,0,0
BRDA:256,9,1,0
BRDA:256,9,2,0
BRDA:257,10,0,0
BRDA:257,10,1,0
BRDA:261,11,0,0
BRDA:261,11,1,0
BRF:25
BRH:0
end_of_record
TN:
SF:src/components/TransactionHistory.js
FN:38,TransactionHistory
FN:48,(anonymous_1)
FN:54,(anonymous_2)
FN:73,(anonymous_3)
FN:101,(anonymous_4)
FN:110,(anonymous_5)
FN:122,(anonymous_6)
FN:133,(anonymous_7)
FN:146,(anonymous_8)
FN:151,(anonymous_9)
FN:156,(anonymous_10)
FN:205,(anonymous_11)
FN:220,(anonymous_12)
FN:234,(anonymous_13)
FN:279,(anonymous_14)
FN:361,(anonymous_15)
FNF:16
FNH:0
FNDA:0,TransactionHistory
FNDA:0,(anonymous_1)
FNDA:0,(anonymous_2)
FNDA:0,(anonymous_3)
FNDA:0,(anonymous_4)
FNDA:0,(anonymous_5)
FNDA:0,(anonymous_6)
FNDA:0,(anonymous_7)
FNDA:0,(anonymous_8)
FNDA:0,(anonymous_9)
FNDA:0,(anonymous_10)
FNDA:0,(anonymous_11)
FNDA:0,(anonymous_12)
FNDA:0,(anonymous_13)
FNDA:0,(anonymous_14)
FNDA:0,(anonymous_15)
DA:42,0
DA:43,0
DA:44,0
DA:45,0
DA:46,0
DA:48,0
DA:49,0
DA:50,0
DA:54,0
DA:55,0
DA:57,0
DA:58,0
DA:59,0
DA:60,0
DA:62,0
DA:70,0
DA:72,0
DA:73,0
DA:91,0
DA:94,0
DA:95,0
DA:97,0
DA:101,0
DA:102,0
DA:103,0
DA:104,0
DA:105,0
DA:107,0
DA:110,0
DA:111,0
DA:113,0
DA:114,0
DA:115,0
DA:117,0
DA:119,0
DA:122,0
DA:123,0
DA:124,0
DA:125,0
DA:127,0
DA:130,0
DA:133,0
DA:134,0
DA:136,0
DA:138,0
DA:140,0
DA:142,0
DA:146,0
DA:147,0
DA:148,0
DA:151,0
DA:152,0
DA:153,0
DA:156,0
DA:157,0
DA:158,0
DA:164,0
DA:169,0
DA:172,0
DA:173,0
DA:180,0
DA:205,0
DA:220,0
DA:234,0
DA:280,0
DA:281,0
DA:282,0
DA:284,0
DA:361,0
LF:69
LH:0
BRDA:49,0,0,0
BRDA:49,0,1,0
BRDA:55,1,0,0
BRDA:55,1,1,0
BRDA:72,2,0,0
BRDA:72,2,1,0
BRDA:72,3,0,0
BRDA:72,3,1,0
BRDA:76,4,0,0
BRDA:76,4,1,0
BRDA:102,5,0,0
BRDA:102,5,1,0
BRDA:104,6,0,0
BRDA:104,6,1,0
BRDA:113,7,0,0
BRDA:113,7,1,0
BRDA:115,8,0,0
BRDA:115,8,1,0
BRDA:115,9,0,0
BRDA:115,9,1,0
BRDA:123,10,0,0
BRDA:123,10,1,0
BRDA:124,11,0,0
BRDA:124,11,1,0
BRDA:124,12,0,0
BRDA:124,12,1,0
BRDA:134,13,0,0
BRDA:134,13,1,0
BRDA:134,13,2,0
BRDA:134,13,3,0
BRDA:147,14,0,0
BRDA:147,14,1,0
BRDA:158,15,0,0
BRDA:158,15,1,0
BRDA:158,15,2,0
BRDA:158,15,3,0
BRDA:158,15,4,0
BRDA:158,15,5,0
BRDA:158,15,6,0
BRDA:158,15,7,0
BRDA:158,15,8,0
BRDA:164,16,0,0
BRDA:164,16,1,0
BRDA:164,16,2,0
BRDA:164,16,3,0
BRDA:164,16,4,0
BRDA:164,16,5,0
BRDA:169,17,0,0
BRDA:169,17,1,0
BRDA:172,18,0,0
BRDA:172,18,1,0
BRDA:189,19,0,0
BRDA:189,19,1,0
BRDA:193,20,0,0
BRDA:193,20,1,0
BRDA:249,21,0,0
BRDA:249,21,1,0
BRDA:254,22,0,0
BRDA:254,22,1,0
BRDA:257,23,0,0
BRDA:257,23,1,0
BRDA:290,24,0,0
BRDA:290,24,1,0
BRDA:295,25,0,0
BRDA:295,25,1,0
BRDA:297,26,0,0
BRDA:297,26,1,0
BRDA:303,27,0,0
BRDA:303,27,1,0
BRDA:304,28,0,0
BRDA:304,28,1,0
BRDA:306,29,0,0
BRDA:306,29,1,0
BRDA:307,30,0,0
BRDA:307,30,1,0
BRDA:315,31,0,0
BRDA:315,31,1,0
BRDA:326,32,0,0
BRDA:326,32,1,0
BRDA:331,33,0,0
BRDA:331,33,1,0
BRDA:331,33,2,0
BRDA:333,34,0,0
BRDA:333,34,1,0
BRDA:344,35,0,0
BRDA:344,35,1,0
BRDA:375,36,0,0
BRDA:375,36,1,0
BRF:88
BRH:0
end_of_record
TN:
SF:src/components/WalletTabs.js
FN:77,(anonymous_0)
FN:113,(anonymous_1)
FN:117,(anonymous_2)
FN:124,(anonymous_3)
FN:125,(anonymous_4)
FN:129,(anonymous_5)
FN:133,(anonymous_6)
FN:164,(anonymous_7)
FN:208,(anonymous_8)
FN:242,(anonymous_9)
FN:251,(anonymous_10)
FN:256,(anonymous_11)
FN:269,(anonymous_12)
FN:293,(anonymous_13)
FN:308,(anonymous_14)
FN:322,(anonymous_15)
FN:343,(anonymous_16)
FN:353,(anonymous_17)
FN:364,(anonymous_18)
FN:374,(anonymous_19)
FN:392,(anonymous_20)
FN:396,(anonymous_21)
FN:401,(anonymous_22)
FN:493,(anonymous_23)
FN:502,(anonymous_24)
FN:534,(anonymous_25)
FN:544,(anonymous_26)
FN:545,(anonymous_27)
FN:555,(anonymous_28)
FN:576,(anonymous_29)
FN:592,(anonymous_30)
FN:604,(anonymous_31)
FN:777,(anonymous_32)
FN:858,(anonymous_33)
FN:870,(anonymous_34)
FNF:35
FNH:0
FNDA:0,(anonymous_0)
FNDA:0,(anonymous_1)
FNDA:0,(anonymous_2)
FNDA:0,(anonymous_3)
FNDA:0,(anonymous_4)
FNDA:0,(anonymous_5)
FNDA:0,(anonymous_6)
FNDA:0,(anonymous_7)
FNDA:0,(anonymous_8)
FNDA:0,(anonymous_9)
FNDA:0,(anonymous_10)
FNDA:0,(anonymous_11)
FNDA:0,(anonymous_12)
FNDA:0,(anonymous_13)
FNDA:0,(anonymous_14)
FNDA:0,(anonymous_15)
FNDA:0,(anonymous_16)
FNDA:0,(anonymous_17)
FNDA:0,(anonymous_18)
FNDA:0,(anonymous_19)
FNDA:0,(anonymous_20)
FNDA:0,(anonymous_21)
FNDA:0,(anonymous_22)
FNDA:0,(anonymous_23)
FNDA:0,(anonymous_24)
FNDA:0,(anonymous_25)
FNDA:0,(anonymous_26)
FNDA:0,(anonymous_27)
FNDA:0,(anonymous_28)
FNDA:0,(anonymous_29)
FNDA:0,(anonymous_30)
FNDA:0,(anonymous_31)
FNDA:0,(anonymous_32)
FNDA:0,(anonymous_33)
FNDA:0,(anonymous_34)
DA:77,0
DA:89,0
DA:95,0
DA:96,0
DA:97,0
DA:98,0
DA:101,0
DA:104,0
DA:105,0
DA:106,0
DA:107,0
DA:108,0
DA:109,0
DA:110,0
DA:111,0
DA:113,0
DA:114,0
DA:117,0
DA:118,0
DA:119,0
DA:120,0
DA:124,0
DA:125,0
DA:128,0
DA:129,0
DA:133,0
DA:134,0
DA:137,0
DA:138,0
DA:139,0
DA:140,0
DA:144,0
DA:145,0
DA:146,0
DA:150,0
DA:151,0
DA:152,0
DA:156,0
DA:157,0
DA:160,0
DA:161,0
DA:164,0
DA:165,0
DA:166,0
DA:169,0
DA:171,0
DA:172,0
DA:173,0
DA:176,0
DA:179,0
DA:187,0
DA:189,0
DA:190,0
DA:197,0
DA:199,0
DA:202,0
DA:204,0
DA:208,0
DA:209,0
DA:211,0
DA:212,0
DA:213,0
DA:216,0
DA:219,0
DA:221,0
DA:223,0
DA:224,0
DA:225,0
DA:226,0
DA:233,0
DA:235,0
DA:238,0
DA:242,0
DA:243,0
DA:244,0
DA:245,0
DA:247,0
DA:251,0
DA:252,0
DA:253,0
DA:256,0
DA:257,0
DA:258,0
DA:259,0
DA:260,0
DA:261,0
DA:262,0
DA:263,0
DA:264,0
DA:265,0
DA:266,0
DA:269,0
DA:270,0
DA:271,0
DA:273,0
DA:274,0
DA:275,0
DA:276,0
DA:277,0
DA:278,0
DA:281,0
DA:282,0
DA:287,0
DA:289,0
DA:293,0
DA:294,0
DA:295,0
DA:297,0
DA:298,0
DA:299,0
DA:300,0
DA:301,0
DA:302,0
DA:304,0
DA:308,0
DA:309,0
DA:310,0
DA:311,0
DA:313,0
DA:314,0
DA:315,0
DA:317,0
DA:318,0
DA:319,0
DA:322,0
DA:323,0
DA:324,0
DA:326,0
DA:327,0
DA:328,0
DA:329,0
DA:330,0
DA:331,0
DA:332,0
DA:334,0
DA:336,0
DA:337,0
DA:339,0
DA:343,0
DA:344,0
DA:345,0
DA:346,0
DA:347,0
DA:349,0
DA:353,0
DA:354,0
DA:355,0
DA:356,0
DA:357,0
DA:358,0
DA:360,0
DA:364,0
DA:365,0
DA:366,0
DA:367,0
DA:368,0
DA:370,0
DA:374,0
DA:375,0
DA:376,0
DA:378,0
DA:379,0
DA:380,0
DA:381,0
DA:383,0
DA:384,0
DA:386,0
DA:388,0
DA:392,0
DA:393,0
DA:396,0
DA:397,0
DA:401,0
DA:402,0
DA:404,0
DA:519,0
DA:534,0
DA:545,0
DA:546,0
DA:547,0
DA:548,0
DA:549,0
DA:556,0
DA:576,0
DA:592,0
DA:604,0
DA:663,0
DA:666,0
DA:669,0
DA:678,0
DA:690,0
DA:777,0
DA:839,0
DA:843,0
DA:844,0
DA:851,0
DA:858,0
DA:871,0
DA:872,0
DA:873,0
LF:200
LH:0
BRDA:83,0,0,0
BRDA:101,1,0,0
BRDA:101,1,1,0
BRDA:114,2,0,0
BRDA:114,2,1,0
BRDA:117,3,0,0
BRDA:119,4,0,0
BRDA:119,4,1,0
BRDA:128,5,0,0
BRDA:128,5,1,0
BRDA:137,6,0,0
BRDA:137,6,1,0
BRDA:139,7,0,0
BRDA:139,7,1,0
BRDA:145,8,0,0
BRDA:145,8,1,0
BRDA:150,9,0,0
BRDA:150,9,1,0
BRDA:151,10,0,0
BRDA:151,10,1,0
BRDA:151,11,0,0
BRDA:151,11,1,0
BRDA:156,12,0,0
BRDA:156,12,1,0
BRDA:156,13,0,0
BRDA:156,13,1,0
BRDA:165,14,0,0
BRDA:165,14,1,0
BRDA:184,15,0,0
BRDA:184,15,1,0
BRDA:189,16,0,0
BRDA:189,16,1,0
BRDA:209,17,0,0
BRDA:209,17,1,0
BRDA:223,18,0,0
BRDA:223,18,1,0
BRDA:270,19,0,0
BRDA:270,19,1,0
BRDA:277,20,0,0
BRDA:277,20,1,0
BRDA:294,21,0,0
BRDA:294,21,1,0
BRDA:309,22,0,0
BRDA:309,22,1,0
BRDA:313,23,0,0
BRDA:313,23,1,0
BRDA:323,24,0,0
BRDA:323,24,1,0
BRDA:323,25,0,0
BRDA:323,25,1,0
BRDA:329,26,0,0
BRDA:329,26,1,0
BRDA:331,27,0,0
BRDA:331,27,1,0
BRDA:336,28,0,0
BRDA:336,28,1,0
BRDA:380,29,0,0
BRDA:380,29,1,0
BRDA:402,30,0,0
BRDA:402,30,1,0
BRDA:402,30,2,0
BRDA:402,30,3,0
BRDA:402,30,4,0
BRDA:402,30,5,0
BRDA:402,30,6,0
BRDA:402,30,7,0
BRDA:445,31,0,0
BRDA:445,31,1,0
BRDA:455,32,0,0
BRDA:455,32,1,0
BRDA:539,33,0,0
BRDA:539,33,1,0
BRDA:546,34,0,0
BRDA:546,34,1,0
BRDA:548,35,0,0
BRDA:548,35,1,0
BRDA:561,36,0,0
BRDA:561,36,1,0
BRDA:594,37,0,0
BRDA:594,37,1,0
BRDA:614,38,0,0
BRDA:614,38,1,0
BRDA:614,38,2,0
BRDA:618,39,0,0
BRDA:618,39,1,0
BRDA:640,40,0,0
BRDA:640,40,1,0
BRDA:650,41,0,0
BRDA:650,41,1,0
BRDA:650,42,0,0
BRDA:650,42,1,0
BRDA:750,43,0,0
BRDA:750,43,1,0
BRDA:776,44,0,0
BRDA:776,44,1,0
BRDA:780,45,0,0
BRDA:780,45,1,0
BRDA:784,46,0,0
BRDA:784,46,1,0
BRDA:820,47,0,0
BRDA:820,47,1,0
BRDA:829,48,0,0
BRDA:829,48,1,0
BRDA:843,49,0,0
BRDA:843,49,1,0
BRDA:866,50,0,0
BRDA:866,50,1,0
BRDA:868,51,0,0
BRDA:868,51,1,0
BRDA:868,51,2,0
BRDA:871,52,0,0
BRDA:871,52,1,0
BRF:112
BRH:0
end_of_record
TN:
SF:src/utils/encryption.js
FN:17,generateRandomBytes
FN:24,deriveKey
FN:36,encryptData
FN:80,decryptData
FN:138,decryptPythonWalletData
FNF:5
FNH:5
FNDA:62,generateRandomBytes
FNDA:49,deriveKey
FNDA:31,encryptData
FNDA:19,decryptData
FNDA:3,decryptPythonWalletData
DA:9,1
DA:10,1
DA:11,1
DA:12,1
DA:18,62
DA:25,49
DA:38,31
DA:41,31
DA:42,31
DA:45,31
DA:48,29
DA:51,29
DA:57,29
DA:60,29
DA:65,29
DA:68,29
DA:81,19
DA:83,19
DA:84,18
DA:85,18
DA:86,18
DA:89,18
DA:92,18
DA:97,18
DA:98,18
DA:101,18
DA:102,9
DA:106,9
DA:109,9
DA:120,9
DA:122,9
DA:123,1
DA:126,8
DA:128,11
DA:129,9
DA:131,2
DA:140,3
DA:141,3
DA:143,2
DA:146,2
DA:147,2
DA:148,2
DA:149,2
DA:150,2
DA:153,2
DA:160,2
DA:161,2
DA:162,2
DA:164,2
DA:166,0
DA:168,0
DA:178,0
DA:179,0
DA:180,0
DA:181,0
DA:185,2
DA:187,2
LF:57
LH:51
BRDA:101,0,0,9
BRDA:101,0,1,9
BRDA:122,1,0,1
BRDA:122,1,1,8
BRDA:128,2,0,9
BRDA:128,2,1,2
BRDA:164,3,0,0
BRDA:164,3,1,2
BRDA:179,4,0,0
BRDA:179,4,1,0
BRF:10
BRH:7
end_of_record
TN:
SF:src/utils/walletStorage.js
FN:13,walletsFileExists
FN:30,createEmptyStorage
FN:42,loadWalletStorage
FN:91,saveWalletStorage
FN:116,addWallet
FN:144,removeWallet
FN:166,setActiveWallet
FN:181,updateWalletBalance
FN:198,addAddressBookEntry
FN:202,(anonymous_9)
FN:219,removeAddressBookEntry
FN:222,(anonymous_11)
FN:231,getWallet
FN:239,getActiveWallet
FN:250,listWallets
FN:258,getAddressBook
FN:266,exportWalletData
FN:281,importLegacyData
FN:286,(anonymous_18)
FN:303,(anonymous_19)
FN:323,verifyMasterPassword
FN:338,updateWalletNetwork
FN:354,exportWalletSecrets
FNF:23
FNH:0
FNDA:0,walletsFileExists
FNDA:0,createEmptyStorage
FNDA:0,loadWalletStorage
FNDA:0,saveWalletStorage
FNDA:0,addWallet
FNDA:0,removeWallet
FNDA:0,setActiveWallet
FNDA:0,updateWalletBalance
FNDA:0,addAddressBookEntry
FNDA:0,(anonymous_9)
FNDA:0,removeAddressBookEntry
FNDA:0,(anonymous_11)
FNDA:0,getWallet
FNDA:0,getActiveWallet
FNDA:0,listWallets
FNDA:0,getAddressBook
FNDA:0,exportWalletData
FNDA:0,importLegacyData
FNDA:0,(anonymous_18)
FNDA:0,(anonymous_19)
FNDA:0,verifyMasterPassword
FNDA:0,updateWalletNetwork
FNDA:0,exportWalletSecrets
DA:8,0
DA:14,0
DA:15,0
DA:18,0
DA:20,0
DA:21,0
DA:23,0
DA:31,0
DA:43,0
DA:44,0
DA:47,0
DA:49,0
DA:51,0
DA:52,0
DA:55,0
DA:60,0
DA:62,0
DA:65,0
DA:66,0
DA:69,0
DA:72,0
DA:75,0
DA:81,0
DA:82,0
DA:84,0
DA:92,0
DA:93,0
DA:96,0
DA:97,0
DA:98,0
DA:101,0
DA:103,0
DA:106,0
DA:107,0
DA:109,0
DA:117,0
DA:120,0
DA:133,0
DA:134,0
DA:137,0
DA:138,0
DA:145,0
DA:147,0
DA:148,0
DA:151,0
DA:154,0
DA:155,0
DA:156,0
DA:159,0
DA:160,0
DA:167,0
DA:169,0
DA:170,0
DA:173,0
DA:174,0
DA:175,0
DA:182,0
DA:184,0
DA:185,0
DA:188,0
DA:189,0
DA:191,0
DA:192,0
DA:199,0
DA:202,0
DA:205,0
DA:212,0
DA:213,0
DA:220,0
DA:222,0
DA:224,0
DA:225,0
DA:232,0
DA:233,0
DA:240,0
DA:241,0
DA:242,0
DA:244,0
DA:251,0
DA:252,0
DA:259,0
DA:260,0
DA:267,0
DA:270,0
DA:282,0
DA:285,0
DA:286,0
DA:287,0
DA:302,0
DA:303,0
DA:312,0
DA:313,0
DA:316,0
DA:317,0
DA:324,0
DA:325,0
DA:326,0
DA:328,0
DA:329,0
DA:331,0
DA:339,0
DA:340,0
DA:341,0
DA:344,0
DA:345,0
DA:347,0
DA:348,0
DA:355,0
DA:356,0
DA:358,0
DA:359,0
DA:362,0
LF:112
LH:0
BRDA:14,0,0,0
BRDA:14,0,1,0
BRDA:43,1,0,0
BRDA:43,1,1,0
BRDA:51,2,0,0
BRDA:51,2,1,0
BRDA:60,3,0,0
BRDA:60,3,1,0
BRDA:76,4,0,0
BRDA:76,4,1,0
BRDA:77,5,0,0
BRDA:77,5,1,0
BRDA:78,6,0,0
BRDA:78,6,1,0
BRDA:81,7,0,0
BRDA:81,7,1,0
BRDA:81,8,0,0
BRDA:81,8,1,0
BRDA:92,9,0,0
BRDA:92,9,1,0
BRDA:128,10,0,0
BRDA:128,10,1,0
BRDA:133,11,0,0
BRDA:133,11,1,0
BRDA:147,12,0,0
BRDA:147,12,1,0
BRDA:154,13,0,0
BRDA:154,13,1,0
BRDA:156,14,0,0
BRDA:156,14,1,0
BRDA:169,15,0,0
BRDA:169,15,1,0
BRDA:169,16,0,0
BRDA:169,16,1,0
BRDA:184,17,0,0
BRDA:184,17,1,0
BRDA:208,18,0,0
BRDA:208,18,1,0
BRDA:233,19,0,0
BRDA:233,19,1,0
BRDA:241,20,0,0
BRDA:241,20,1,0
BRDA:244,21,0,0
BRDA:244,21,1,0
BRDA:285,22,0,0
BRDA:285,22,1,0
BRDA:288,23,0,0
BRDA:288,23,1,0
BRDA:289,24,0,0
BRDA:289,24,1,0
BRDA:292,25,0,0
BRDA:292,25,1,0
BRDA:294,26,0,0
BRDA:294,26,1,0
BRDA:295,27,0,0
BRDA:295,27,1,0
BRDA:302,28,0,0
BRDA:302,28,1,0
BRDA:306,29,0,0
BRDA:306,29,1,0
BRDA:312,30,0,0
BRDA:312,30,1,0
BRDA:312,31,0,0
BRDA:312,31,1,0
BRDA:328,32,0,0
BRDA:328,32,1,0
BRDA:340,33,0,0
BRDA:340,33,1,0
BRDA:358,34,0,0
BRDA:358,34,1,0
BRF:70
BRH:0
end_of_record
TN:
SF:src/utils/xrplWallet.js
FN:18,detectAlgorithm
FN:46,detectSecretType
FN:75,createWalletFromSecret
FN:113,generateTestWallet
FN:144,createClient
FN:156,getAccountInfo
FN:192,getAccountTransactions
FN:202,(anonymous_7)
FN:232,preparePayment
FN:264,signAndSubmit
FN:287,formatAmount
FN:297,isValidAddress
FN:309,isValidDestinationTag
FN:326,validateAmount
FN:350,getNetworkConfig
FN:378,getExplorerUrl
FN:392,getAccountExplorerUrl
FNF:17
FNH:10
FNDA:12,detectAlgorithm
FNDA:7,detectSecretType
FNDA:4,createWalletFromSecret
FNDA:0,generateTestWallet
FNDA:0,createClient
FNDA:0,getAccountInfo
FNDA:0,getAccountTransactions
FNDA:0,(anonymous_7)
FNDA:0,preparePayment
FNDA:0,signAndSubmit
FNDA:5,formatAmount
FNDA:9,isValidAddress
FNDA:11,isValidDestinationTag
FNDA:10,validateAmount
FNDA:4,getNetworkConfig
FNDA:4,getExplorerUrl
FNDA:3,getAccountExplorerUrl
DA:9,1
DA:20,12
DA:21,1
DA:25,11
DA:26,1
DA:30,10
DA:31,0
DA:35,10
DA:36,10
DA:37,3
DA:40,7
DA:48,7
DA:49,1
DA:53,6
DA:54,1
DA:58,5
DA:59,0
DA:63,5
DA:64,5
DA:65,3
DA:68,2
DA:76,4
DA:77,4
DA:80,4
DA:81,1
DA:85,1
DA:87,1
DA:90,0
DA:94,1
DA:95,0
DA:97,0
DA:106,4
DA:114,0
DA:115,0
DA:116,0
DA:119,0
DA:121,0
DA:123,0
DA:124,0
DA:126,0
DA:137,0
DA:145,0
DA:146,0
DA:147,0
DA:150,0
DA:157,0
DA:158,0
DA:164,0
DA:172,0
DA:173,0
DA:182,0
DA:193,0
DA:194,0
DA:202,0
DA:217,0
DA:222,0
DA:233,0
DA:234,0
DA:241,0
DA:242,0
DA:245,0
DA:247,0
DA:254,0
DA:265,0
DA:266,0
DA:267,0
DA:269,0
DA:277,0
DA:288,5
DA:289,1
DA:291,4
DA:298,9
DA:300,9
DA:302,0
DA:310,11
DA:311,3
DA:315,8
DA:316,1
DA:319,7
DA:320,7
DA:327,10
DA:328,2
DA:331,8
DA:332,8
DA:333,2
DA:336,6
DA:337,1
DA:340,5
DA:341,1
DA:344,4
DA:351,4
DA:372,4
DA:379,4
DA:385,4
DA:386,4
DA:393,3
DA:399,3
DA:400,3
LF:98
LH:56
BRDA:20,0,0,1
BRDA:20,0,1,11
BRDA:25,1,0,1
BRDA:25,1,1,10
BRDA:30,2,0,0
BRDA:30,2,1,10
BRDA:36,3,0,3
BRDA:36,3,1,7
BRDA:36,4,0,10
BRDA:36,4,1,8
BRDA:48,5,0,1
BRDA:48,5,1,6
BRDA:53,6,0,1
BRDA:53,6,1,5
BRDA:58,7,0,0
BRDA:58,7,1,5
BRDA:64,8,0,3
BRDA:64,8,1,2
BRDA:64,9,0,5
BRDA:64,9,1,3
BRDA:85,10,0,1
BRDA:85,10,1,0
BRDA:144,11,0,0
BRDA:146,12,0,0
BRDA:146,12,1,0
BRDA:172,13,0,0
BRDA:172,13,1,0
BRDA:192,14,0,0
BRDA:205,15,0,0
BRDA:205,15,1,0
BRDA:232,16,0,0
BRDA:241,17,0,0
BRDA:241,17,1,0
BRDA:241,18,0,0
BRDA:241,18,1,0
BRDA:288,19,0,1
BRDA:288,19,1,4
BRDA:288,20,0,5
BRDA:288,20,1,2
BRDA:310,21,0,3
BRDA:310,21,1,8
BRDA:310,22,0,11
BRDA:310,22,1,10
BRDA:310,22,2,9
BRDA:315,23,0,1
BRDA:315,23,1,7
BRDA:315,24,0,8
BRDA:315,24,1,7
BRDA:320,25,0,7
BRDA:320,25,1,6
BRDA:320,25,2,5
BRDA:320,25,3,4
BRDA:327,26,0,2
BRDA:327,26,1,8
BRDA:327,27,0,10
BRDA:327,27,1,9
BRDA:332,28,0,2
BRDA:332,28,1,6
BRDA:332,29,0,8
BRDA:332,29,1,7
BRDA:336,30,0,1
BRDA:336,30,1,5
BRDA:340,31,0,1
BRDA:340,31,1,4
BRDA:372,32,0,4
BRDA:372,32,1,1
BRDA:385,33,0,4
BRDA:385,33,1,1
BRDA:399,34,0,3
BRDA:399,34,1,1
BRF:70
BRH:54
end_of_record
